<?xml version="1.0" encoding="utf-8"?><testsuites name="pytest tests"><testsuite name="pytest" errors="0" failures="0" skipped="0" tests="19" time="5.972" timestamp="2026-02-13T11:12:05.515231+00:00" hostname="agent-env-4d0ce2c9-3c47-4c1c-96e7-eeda68c87053"><testcase classname="backend.tests.test_interview_api.TestHealthEndpoint" name="test_health_returns_ok" time="0.164" /><testcase classname="backend.tests.test_interview_api.TestSettingsEndpoints" name="test_get_settings" time="0.218" /><testcase classname="backend.tests.test_interview_api.TestSettingsEndpoints" name="test_post_settings_model_change" time="0.535" /><testcase classname="backend.tests.test_interview_api.TestSettingsEndpoints" name="test_validate_key_missing" time="0.135" /><testcase classname="backend.tests.test_interview_api.TestCVEndpoints" name="test_get_active_cv" time="0.311" /><testcase classname="backend.tests.test_interview_api.TestCVEndpoints" name="test_cv_upload_requires_api_key" time="0.176" /><testcase classname="backend.tests.test_interview_api.TestCVEndpoints" name="test_cv_reparse_endpoint_exists" time="0.154" /><testcase classname="backend.tests.test_interview_api.TestSessionsEndpoints" name="test_list_sessions" time="0.158" /><testcase classname="backend.tests.test_interview_api.TestSessionsEndpoints" name="test_get_session_stats" time="0.118" /><testcase classname="backend.tests.test_interview_api.TestSessionsEndpoints" name="test_create_session" time="0.288" /><testcase classname="backend.tests.test_interview_api.TestSessionsEndpoints" name="test_update_session" time="0.341" /><testcase classname="backend.tests.test_interview_api.TestSessionsEndpoints" name="test_get_session_messages" time="0.368" /><testcase classname="backend.tests.test_interview_api.TestSessionsEndpoints" name="test_delete_session" time="0.322" /><testcase classname="backend.tests.test_interview_api.TestProcessAudioEndpoint" name="test_process_audio_endpoint_exists" time="1.567" /><testcase classname="backend.tests.test_interview_api.TestProcessAudioEndpoint" name="test_process_audio_requires_session" time="0.153" /><testcase classname="backend.tests.test_interview_api.TestSummaryEndpoints" name="test_generate_summary_requires_messages" time="0.364" /><testcase classname="backend.tests.test_interview_api.TestSummaryEndpoints" name="test_get_summary_returns_null_if_none" time="0.380" /><testcase classname="backend.tests.test_interview_api.TestSmallTalkFiltering" name="test_small_talk_patterns_exist" time="0.000" /><testcase classname="backend.tests.test_interview_api.TestCVParsing" name="test_cv_has_parsed_data" time="0.100" /></testsuite></testsuites>