<?xml version="1.0" encoding="utf-8"?><testsuites name="pytest tests"><testsuite name="pytest" errors="0" failures="6" skipped="0" tests="20" time="6.405" timestamp="2026-02-24T14:43:08.769045+00:00" hostname="agent-env-017d83ef-33e7-410d-aa70-0d5b198fd795"><testcase classname="tests.test_migration_v20.TestHealthAndBasicEndpoints" name="test_health_endpoint" time="0.257" /><testcase classname="tests.test_migration_v20.TestHealthAndBasicEndpoints" name="test_sessions_endpoint" time="0.197" /><testcase classname="tests.test_migration_v20.TestHealthAndBasicEndpoints" name="test_sessions_stats_endpoint" time="0.122" /><testcase classname="tests.test_migration_v20.TestHealthAndBasicEndpoints" name="test_cv_active_endpoint" time="0.166" /><testcase classname="tests.test_migration_v20.TestChronologicalServiceImport" name="test_cv_chronological_profile" time="0.175" /><testcase classname="tests.test_migration_v20.TestChronologicalServiceImport" name="test_cv_missing_dates" time="0.201" /><testcase classname="tests.test_migration_v20.TestChronologicalServiceImport" name="test_sort_experiences_chronologically_api" time="0.134"><failure message="assert 405 == 200&#10; +  where 405 = &lt;Response [405]&gt;.status_code">tests/test_migration_v20.py:118: in test_sort_experiences_chronologically_api
    assert response.status_code == 200
E   assert 405 == 200
E    +  where 405 = &lt;Response [405]&gt;.status_code</failure></testcase><testcase classname="tests.test_migration_v20.TestDetectionServiceImport" name="test_detect_request_via_process_audio" time="0.162" /><testcase classname="tests.test_migration_v20.TestDetectionServiceImport" name="test_process_text_with_detection" time="0.120"><failure message="assert 404 in [200, 401, 500, 502]&#10; +  where 404 = &lt;Response [404]&gt;.status_code">tests/test_migration_v20.py:155: in test_process_text_with_detection
    assert response.status_code in [200, 401, 500, 502]
E   assert 404 in [200, 401, 500, 502]
E    +  where 404 = &lt;Response [404]&gt;.status_code</failure></testcase><testcase classname="tests.test_migration_v20.TestLLMServiceImport" name="test_llm_headers_validation_missing" time="0.120"><failure message="assert 404 == 422&#10; +  where 404 = &lt;Response [404]&gt;.status_code">tests/test_migration_v20.py:166: in test_llm_headers_validation_missing
    assert response.status_code == 422
E   assert 404 == 422
E    +  where 404 = &lt;Response [404]&gt;.status_code</failure></testcase><testcase classname="tests.test_migration_v20.TestLLMServiceImport" name="test_llm_headers_validation_invalid_provider" time="0.127"><failure message="assert 404 == 400&#10; +  where 404 = &lt;Response [404]&gt;.status_code">tests/test_migration_v20.py:181: in test_llm_headers_validation_invalid_provider
    assert response.status_code == 400
E   assert 404 == 400
E    +  where 404 = &lt;Response [404]&gt;.status_code</failure></testcase><testcase classname="tests.test_migration_v20.TestLLMServiceImport" name="test_supported_providers" time="1.662" /><testcase classname="tests.test_migration_v20.TestUtilsImport" name="test_normalize_provider" time="1.041" /><testcase classname="tests.test_migration_v20.TestUtilsImport" name="test_serialize_mongo_doc" time="0.317" /><testcase classname="tests.test_migration_v20.TestConfigImport" name="test_supported_providers_from_config" time="0.724"><failure message="assert 404 == 400&#10; +  where 404 = &lt;Response [404]&gt;.status_code">tests/test_migration_v20.py:266: in test_supported_providers_from_config
    assert response.status_code == 400
E   assert 404 == 400
E    +  where 404 = &lt;Response [404]&gt;.status_code</failure></testcase><testcase classname="tests.test_migration_v20.TestIngestionEndpoints" name="test_ingestion_status" time="0.237" /><testcase classname="tests.test_migration_v20.TestIngestionEndpoints" name="test_ingestion_search" time="0.118" /><testcase classname="tests.test_migration_v20.TestSessionCRUD" name="test_create_session" time="0.157"><failure message="assert 500 == 200&#10; +  where 500 = &lt;Response [500]&gt;.status_code">tests/test_migration_v20.py:305: in test_create_session
    assert response.status_code == 200
E   assert 500 == 200
E    +  where 500 = &lt;Response [500]&gt;.status_code</failure></testcase><testcase classname="tests.test_migration_v20.TestSessionCRUD" name="test_get_session" time="0.123" /><testcase classname="tests.test_migration_v20.TestGoogleGenaiSDK" name="test_server_startup_no_deprecation_warning" time="0.122" /></testsuite></testsuites>