<?xml version="1.0" encoding="utf-8"?><testsuites name="pytest tests"><testsuite name="pytest" errors="0" failures="0" skipped="0" tests="17" time="5.748" timestamp="2026-02-18T16:05:35.562537+00:00" hostname="agent-env-42885ae6-9624-4ba4-b00e-f00ddf3bc1f1"><testcase classname="tests.test_features_v14.TestHealthCheck" name="test_health_returns_ok" time="0.241" /><testcase classname="tests.test_features_v14.TestDetectRequest" name="test_short_segments_filtered" time="0.000" /><testcase classname="tests.test_features_v14.TestDetectRequest" name="test_small_talk_patterns_filtered" time="0.000" /><testcase classname="tests.test_features_v14.TestDetectRequest" name="test_direct_questions_detected" time="0.000" /><testcase classname="tests.test_features_v14.TestDetectRequest" name="test_question_starters_detected" time="0.000" /><testcase classname="tests.test_features_v14.TestCalculateConfidence" name="test_confidence_range" time="0.000" /><testcase classname="tests.test_features_v14.TestCalculateConfidence" name="test_question_mark_boosts_confidence" time="0.000" /><testcase classname="tests.test_features_v14.TestCalculateConfidence" name="test_question_words_boost_confidence" time="0.000" /><testcase classname="tests.test_features_v14.TestCalculateConfidence" name="test_confidence_threshold_value" time="0.000" /><testcase classname="tests.test_features_v14.TestMaxTokensConfig" name="test_llm_chat_default_max_tokens" time="0.000" /><testcase classname="tests.test_features_v14.TestFAISSPersistence" name="test_index_path_correct" time="0.000" /><testcase classname="tests.test_features_v14.TestFAISSPersistence" name="test_profile_index_exists_on_disk" time="0.000" /><testcase classname="tests.test_features_v14.TestFAISSPersistence" name="test_profile_meta_exists_on_disk" time="0.000" /><testcase classname="tests.test_features_v14.TestFAISSPersistence" name="test_profile_index_exists_function" time="0.000" /><testcase classname="tests.test_features_v14.TestFAISSPersistence" name="test_load_profile_meta_returns_data" time="0.000" /><testcase classname="tests.test_features_v14.TestIngestionStatus" name="test_ingestion_status_returns_available" time="0.182" /><testcase classname="tests.test_features_v14.TestSettingsEndpoint" name="test_settings_get" time="0.167" /></testsuite></testsuites>