<?xml version="1.0" encoding="utf-8"?><testsuites name="pytest tests"><testsuite name="pytest" errors="0" failures="0" skipped="0" tests="32" time="2.482" timestamp="2026-02-24T14:14:26.168129+00:00" hostname="agent-env-017d83ef-33e7-410d-aa70-0d5b198fd795"><testcase classname="tests.test_refactoring_v19.TestHealthAndBasicEndpoints" name="test_health_endpoint" time="0.191" /><testcase classname="tests.test_refactoring_v19.TestHealthAndBasicEndpoints" name="test_sessions_endpoint" time="0.117" /><testcase classname="tests.test_refactoring_v19.TestHealthAndBasicEndpoints" name="test_cv_active_endpoint" time="0.120" /><testcase classname="tests.test_refactoring_v19.TestHealthAndBasicEndpoints" name="test_sessions_stats_endpoint" time="0.141" /><testcase classname="tests.test_refactoring_v19.TestCVChronologyEndpoints" name="test_chronological_profile_endpoint" time="0.152" /><testcase classname="tests.test_refactoring_v19.TestCVChronologyEndpoints" name="test_missing_dates_endpoint" time="0.119" /><testcase classname="tests.test_refactoring_v19.TestDetectionService" name="test_detection_service_import" time="1.017" /><testcase classname="tests.test_refactoring_v19.TestDetectionService" name="test_detect_request_question_french" time="0.000" /><testcase classname="tests.test_refactoring_v19.TestDetectionService" name="test_detect_request_greeting" time="0.000" /><testcase classname="tests.test_refactoring_v19.TestDetectionService" name="test_detect_request_english_question" time="0.000" /><testcase classname="tests.test_refactoring_v19.TestDetectionService" name="test_detect_request_imperative" time="0.000" /><testcase classname="tests.test_refactoring_v19.TestDetectionService" name="test_confidence_calculation" time="0.000" /><testcase classname="tests.test_refactoring_v19.TestChronologyService" name="test_chronology_service_import" time="0.000" /><testcase classname="tests.test_refactoring_v19.TestChronologyService" name="test_sort_experiences_most_recent_first" time="0.001" /><testcase classname="tests.test_refactoring_v19.TestChronologyService" name="test_parse_date_french_month" time="0.000" /><testcase classname="tests.test_refactoring_v19.TestChronologyService" name="test_parse_date_current_indicator" time="0.000" /><testcase classname="tests.test_refactoring_v19.TestChronologyService" name="test_experience_freshness" time="0.000" /><testcase classname="tests.test_refactoring_v19.TestLLMServiceHeaders" name="test_llm_headers_model_import" time="0.000" /><testcase classname="tests.test_refactoring_v19.TestLLMServiceHeaders" name="test_supported_providers_in_config" time="0.000" /><testcase classname="tests.test_refactoring_v19.TestLLMServiceHeaders" name="test_deepseek_base_url_in_config" time="0.000" /><testcase classname="tests.test_refactoring_v19.TestUtilsHelpers" name="test_helpers_import" time="0.001" /><testcase classname="tests.test_refactoring_v19.TestUtilsHelpers" name="test_serialize_mongo_doc" time="0.006" /><testcase classname="tests.test_refactoring_v19.TestUtilsHelpers" name="test_safe_json_loads" time="0.000" /><testcase classname="tests.test_refactoring_v19.TestUtilsHelpers" name="test_normalize_provider" time="0.000" /><testcase classname="tests.test_refactoring_v19.TestConfigModule" name="test_database_config" time="0.000" /><testcase classname="tests.test_refactoring_v19.TestConfigModule" name="test_audio_config" time="0.000" /><testcase classname="tests.test_refactoring_v19.TestConfigModule" name="test_llm_limits" time="0.000" /><testcase classname="tests.test_refactoring_v19.TestConfigModule" name="test_date_patterns_config" time="0.000" /><testcase classname="tests.test_refactoring_v19.TestModelsModule" name="test_all_models_importable" time="0.000" /><testcase classname="tests.test_refactoring_v19.TestModelsModule" name="test_chronology_request_model" time="0.000" /><testcase classname="tests.test_refactoring_v19.TestServerStillFunctional" name="test_api_responds_correctly" time="0.376" /><testcase classname="tests.test_refactoring_v19.TestServerStillFunctional" name="test_create_and_delete_session" time="0.145" /></testsuite></testsuites>