<?xml version="1.0" encoding="utf-8"?><testsuites name="pytest tests"><testsuite name="pytest" errors="0" failures="0" skipped="0" tests="15" time="2.363" timestamp="2026-02-27T11:01:21.792520+00:00" hostname="agent-env-a5b0f044-c850-4733-9680-3310c4355e90"><testcase classname="backend.tests.test_stabilization_v22.TestHealthAndBasics" name="test_health_endpoint" time="0.161" /><testcase classname="backend.tests.test_stabilization_v22.TestHealthAndBasics" name="test_settings_endpoint" time="0.100" /><testcase classname="backend.tests.test_stabilization_v22.TestDashboardCounters" name="test_stats_endpoint_returns_correct_structure" time="0.111" /><testcase classname="backend.tests.test_stabilization_v22.TestDashboardCounters" name="test_stats_matches_sessions_count" time="0.212" /><testcase classname="backend.tests.test_stabilization_v22.TestDashboardCounters" name="test_stats_total_questions_calculation" time="0.216" /><testcase classname="backend.tests.test_stabilization_v22.TestSessionsCRUD" name="test_create_session" time="0.233" /><testcase classname="backend.tests.test_stabilization_v22.TestSessionsCRUD" name="test_session_stats_fields" time="0.223" /><testcase classname="backend.tests.test_stabilization_v22.TestCVEndpoints" name="test_get_active_cv" time="0.180" /><testcase classname="backend.tests.test_stabilization_v22.TestCVEndpoints" name="test_chronological_profile_endpoint" time="0.101" /><testcase classname="backend.tests.test_stabilization_v22.TestAuthEndpoints" name="test_login_endpoint_exists" time="0.345" /><testcase classname="backend.tests.test_stabilization_v22.TestAuthEndpoints" name="test_user_profile_endpoint_exists" time="0.098" /><testcase classname="backend.tests.test_stabilization_v22.TestAuthEndpoints" name="test_logout_endpoint_exists" time="0.105" /><testcase classname="backend.tests.test_stabilization_v22.TestWebSocketPrerequisites" name="test_process_audio_endpoint_exists" time="0.106" /><testcase classname="backend.tests.test_stabilization_v22.TestWebSocketPrerequisites" name="test_websocket_url_construction" time="0.000" /><testcase classname="backend.tests.test_stabilization_v22.TestIngestionStatus" name="test_ingestion_status_endpoint" time="0.103" /></testsuite></testsuites>