<?xml version="1.0" encoding="utf-8"?><testsuites name="pytest tests"><testsuite name="pytest" errors="0" failures="0" skipped="0" tests="40" time="7.076" timestamp="2026-02-24T11:16:26.871309+00:00" hostname="agent-env-42885ae6-9624-4ba4-b00e-f00ddf3bc1f1"><testcase classname="tests.test_urgent_fixes_v15.TestHealthCheck" name="test_health_returns_ok" time="1.343" /><testcase classname="tests.test_urgent_fixes_v15.TestWhisperConfiguration" name="test_whisper_model_is_tiny" time="5.258" /><testcase classname="tests.test_urgent_fixes_v15.TestWhisperConfiguration" name="test_whisper_min_seconds_is_half" time="0.000" /><testcase classname="tests.test_urgent_fixes_v15.TestWhisperConfiguration" name="test_transcribe_interval_is_half" time="0.000" /><testcase classname="tests.test_urgent_fixes_v15.TestBeamSizeConfiguration" name="test_beam_size_in_code" time="0.000" /><testcase classname="tests.test_urgent_fixes_v15.TestMaxTokensConfiguration" name="test_max_tokens_default_is_300" time="0.000" /><testcase classname="tests.test_urgent_fixes_v15.TestMaxTokensConfiguration" name="test_streaming_max_tokens_is_300" time="0.000" /><testcase classname="tests.test_urgent_fixes_v15.TestSmallTalkFiltering" name="test_small_talk_returns_false[okay]" time="0.001" /><testcase classname="tests.test_urgent_fixes_v15.TestSmallTalkFiltering" name="test_small_talk_returns_false[ok]" time="0.000" /><testcase classname="tests.test_urgent_fixes_v15.TestSmallTalkFiltering" name="test_small_talk_returns_false[hmm]" time="0.000" /><testcase classname="tests.test_urgent_fixes_v15.TestSmallTalkFiltering" name="test_small_talk_returns_false[uh]" time="0.000" /><testcase classname="tests.test_urgent_fixes_v15.TestSmallTalkFiltering" name="test_small_talk_returns_false[um]" time="0.000" /><testcase classname="tests.test_urgent_fixes_v15.TestSmallTalkFiltering" name="test_small_talk_returns_false[yes]" time="0.000" /><testcase classname="tests.test_urgent_fixes_v15.TestSmallTalkFiltering" name="test_small_talk_returns_false[yeah]" time="0.000" /><testcase classname="tests.test_urgent_fixes_v15.TestSmallTalkFiltering" name="test_small_talk_returns_false[no]" time="0.000" /><testcase classname="tests.test_urgent_fixes_v15.TestSmallTalkFiltering" name="test_small_talk_returns_false[nope]" time="0.000" /><testcase classname="tests.test_urgent_fixes_v15.TestSmallTalkFiltering" name="test_small_talk_returns_false[thanks]" time="0.000" /><testcase classname="tests.test_urgent_fixes_v15.TestSmallTalkFiltering" name="test_small_talk_returns_false[thank you]" time="0.000" /><testcase classname="tests.test_urgent_fixes_v15.TestSmallTalkFiltering" name="test_small_talk_returns_false[bonjour]" time="0.000" /><testcase classname="tests.test_urgent_fixes_v15.TestSmallTalkFiltering" name="test_small_talk_returns_false[hello]" time="0.000" /><testcase classname="tests.test_urgent_fixes_v15.TestSmallTalkFiltering" name="test_small_talk_returns_false[hi]" time="0.000" /><testcase classname="tests.test_urgent_fixes_v15.TestSmallTalkFiltering" name="test_small_talk_returns_false[d'accord]" time="0.000" /><testcase classname="tests.test_urgent_fixes_v15.TestSmallTalkFiltering" name="test_small_talk_returns_false[oui]" time="0.000" /><testcase classname="tests.test_urgent_fixes_v15.TestSmallTalkFiltering" name="test_small_talk_returns_false[non]" time="0.000" /><testcase classname="tests.test_urgent_fixes_v15.TestSmallTalkFiltering" name="test_small_talk_returns_false[merci]" time="0.000" /><testcase classname="tests.test_urgent_fixes_v15.TestSmallTalkFiltering" name="test_small_talk_returns_false[good]" time="0.000" /><testcase classname="tests.test_urgent_fixes_v15.TestSmallTalkFiltering" name="test_small_talk_returns_false[great]" time="0.000" /><testcase classname="tests.test_urgent_fixes_v15.TestSmallTalkFiltering" name="test_small_talk_returns_false[sure]" time="0.000" /><testcase classname="tests.test_urgent_fixes_v15.TestSmallTalkFiltering" name="test_min_4_words_requirement" time="0.000" /><testcase classname="tests.test_urgent_fixes_v15.TestRealQuestionDetection" name="test_real_question_returns_true[What is your experience with Python programming?]" time="0.000" /><testcase classname="tests.test_urgent_fixes_v15.TestRealQuestionDetection" name="test_real_question_returns_true[Comment avez-vous g\xe9r\xe9 ce projet difficile?]" time="0.000" /><testcase classname="tests.test_urgent_fixes_v15.TestRealQuestionDetection" name="test_real_question_returns_true[Why did you choose this technology stack?]" time="0.000" /><testcase classname="tests.test_urgent_fixes_v15.TestRealQuestionDetection" name="test_real_question_returns_true[Tell me about your biggest professional achievement?]" time="0.000" /><testcase classname="tests.test_urgent_fixes_v15.TestRealQuestionDetection" name="test_real_question_returns_true[Can you explain your approach to code testing?]" time="0.000" /><testcase classname="tests.test_urgent_fixes_v15.TestRealQuestionDetection" name="test_real_question_returns_true[How would you handle a conflict with a coworker?]" time="0.000" /><testcase classname="tests.test_urgent_fixes_v15.TestConfidenceThreshold" name="test_confidence_threshold_is_06" time="0.000" /><testcase classname="tests.test_urgent_fixes_v15.TestConfidenceThreshold" name="test_question_mark_boosts_confidence" time="0.000" /><testcase classname="tests.test_urgent_fixes_v15.TestAPIEndpoints" name="test_settings_endpoint" time="0.122" /><testcase classname="tests.test_urgent_fixes_v15.TestAPIEndpoints" name="test_ingestion_status" time="0.118" /><testcase classname="tests.test_urgent_fixes_v15.TestAPIEndpoints" name="test_active_cv_endpoint" time="0.118" /></testsuite></testsuites>