<?xml version="1.0" encoding="utf-8"?><testsuites name="pytest tests"><testsuite name="pytest" errors="0" failures="1" skipped="0" tests="14" time="7.292" timestamp="2026-02-24T12:48:28.015872+00:00" hostname="agent-env-017d83ef-33e7-410d-aa70-0d5b198fd795"><testcase classname="backend.tests.test_optimization_v17.TestBackendStartup" name="test_health_endpoint_responds" time="6.257" /><testcase classname="backend.tests.test_optimization_v17.TestBackendStartup" name="test_settings_endpoint" time="0.175" /><testcase classname="backend.tests.test_optimization_v17.TestBackendStartup" name="test_cv_active_endpoint" time="0.175" /><testcase classname="backend.tests.test_optimization_v17.TestWebSocketConnection" name="test_websocket_connect" time="0.232" /><testcase classname="backend.tests.test_optimization_v17.TestRequestDetection" name="test_detection_patterns_documented" time="0.000" /><testcase classname="backend.tests.test_optimization_v17.TestRequestDetection" name="test_question_mark_detection" time="0.000" /><testcase classname="backend.tests.test_optimization_v17.TestParallelSuggestions" name="test_max_concurrent_config" time="0.000" /><testcase classname="backend.tests.test_optimization_v17.TestParallelSuggestions" name="test_streaming_session_tracks_active_generations" time="0.000" /><testcase classname="backend.tests.test_optimization_v17.TestFAISSContextCache" name="test_context_cache_documented" time="0.000" /><testcase classname="backend.tests.test_optimization_v17.TestFAISSContextCache" name="test_vector_store_available" time="0.000" /><testcase classname="backend.tests.test_optimization_v17.TestOptimizedConfiguration" name="test_optimized_intervals_documented" time="0.000" /><testcase classname="backend.tests.test_optimization_v17.TestIngestionEndpoints" name="test_ingestion_status_endpoint" time="0.146" /><testcase classname="backend.tests.test_optimization_v17.TestErrorHandling" name="test_invalid_session_id_handled" time="0.103"><failure message="assert 405 in [404, 400, 200]&#10; +  where 405 = &lt;Response [405]&gt;.status_code">backend/tests/test_optimization_v17.py:259: in test_invalid_session_id_handled
    assert response.status_code in [404, 400, 200]  # 200 if returns null
    ^^^^^^^^^^^^^^^^^^^^^^^^^^^^^^^^^^^^^^^^^^^^^^
E   assert 405 in [404, 400, 200]
E    +  where 405 = &lt;Response [405]&gt;.status_code</failure></testcase><testcase classname="backend.tests.test_optimization_v17.TestErrorHandling" name="test_missing_headers_handled" time="0.115" /></testsuite></testsuites>