<?xml version="1.0" encoding="utf-8"?><testsuites name="pytest tests"><testsuite name="pytest" errors="0" failures="1" skipped="0" tests="19" time="5.309" timestamp="2026-02-13T11:47:08.838087+00:00" hostname="agent-env-4d0ce2c9-3c47-4c1c-96e7-eeda68c87053"><testcase classname="backend.tests.test_interview_api.TestHealthEndpoint" name="test_health_returns_ok" time="0.214" /><testcase classname="backend.tests.test_interview_api.TestSettingsEndpoints" name="test_get_settings" time="0.121" /><testcase classname="backend.tests.test_interview_api.TestSettingsEndpoints" name="test_post_settings_model_change" time="0.579" /><testcase classname="backend.tests.test_interview_api.TestSettingsEndpoints" name="test_validate_key_missing" time="0.296" /><testcase classname="backend.tests.test_interview_api.TestCVEndpoints" name="test_get_active_cv" time="0.106" /><testcase classname="backend.tests.test_interview_api.TestCVEndpoints" name="test_cv_upload_requires_api_key" time="0.150" /><testcase classname="backend.tests.test_interview_api.TestCVEndpoints" name="test_cv_reparse_endpoint_exists" time="0.118" /><testcase classname="backend.tests.test_interview_api.TestSessionsEndpoints" name="test_list_sessions" time="0.126" /><testcase classname="backend.tests.test_interview_api.TestSessionsEndpoints" name="test_get_session_stats" time="0.098" /><testcase classname="backend.tests.test_interview_api.TestSessionsEndpoints" name="test_create_session" time="0.330" /><testcase classname="backend.tests.test_interview_api.TestSessionsEndpoints" name="test_update_session" time="0.447" /><testcase classname="backend.tests.test_interview_api.TestSessionsEndpoints" name="test_get_session_messages" time="0.335" /><testcase classname="backend.tests.test_interview_api.TestSessionsEndpoints" name="test_delete_session" time="0.370" /><testcase classname="backend.tests.test_interview_api.TestProcessAudioEndpoint" name="test_process_audio_endpoint_exists" time="0.837" /><testcase classname="backend.tests.test_interview_api.TestProcessAudioEndpoint" name="test_process_audio_requires_session" time="0.138" /><testcase classname="backend.tests.test_interview_api.TestSummaryEndpoints" name="test_generate_summary_requires_messages" time="0.382"><failure message="assert 200 == 400&#10; +  where 200 = &lt;Response [200]&gt;.status_code">backend/tests/test_interview_api.py:241: in test_generate_summary_requires_messages
    assert response.status_code == 400
E   assert 200 == 400
E    +  where 200 = &lt;Response [200]&gt;.status_code</failure></testcase><testcase classname="backend.tests.test_interview_api.TestSummaryEndpoints" name="test_get_summary_returns_null_if_none" time="0.422" /><testcase classname="backend.tests.test_interview_api.TestSmallTalkFiltering" name="test_small_talk_patterns_exist" time="0.000" /><testcase classname="backend.tests.test_interview_api.TestCVParsing" name="test_cv_has_parsed_data" time="0.163" /></testsuite></testsuites>