<?xml version="1.0" encoding="utf-8"?><testsuites name="pytest tests"><testsuite name="pytest" errors="0" failures="0" skipped="0" tests="13" time="4.365" timestamp="2026-02-24T15:43:52.198970+00:00" hostname="agent-env-a5b0f044-c850-4733-9680-3310c4355e90"><testcase classname="tests.test_auth_jwt.TestAuthRegister" name="test_register_success" time="0.554" /><testcase classname="tests.test_auth_jwt.TestAuthRegister" name="test_register_duplicate_email" time="0.484" /><testcase classname="tests.test_auth_jwt.TestAuthRegister" name="test_register_invalid_email" time="0.131" /><testcase classname="tests.test_auth_jwt.TestAuthRegister" name="test_register_short_password" time="0.116" /><testcase classname="tests.test_auth_jwt.TestAuthLogin" name="test_login_success" time="0.366" /><testcase classname="tests.test_auth_jwt.TestAuthLogin" name="test_login_invalid_password" time="0.338" /><testcase classname="tests.test_auth_jwt.TestAuthLogin" name="test_login_nonexistent_user" time="0.263" /><testcase classname="tests.test_auth_jwt.TestProtectedRoutes" name="test_get_me_with_valid_token" time="0.579" /><testcase classname="tests.test_auth_jwt.TestProtectedRoutes" name="test_get_me_without_token" time="0.116" /><testcase classname="tests.test_auth_jwt.TestProtectedRoutes" name="test_get_me_with_invalid_token" time="0.151" /><testcase classname="tests.test_auth_jwt.TestTokenRefresh" name="test_refresh_token_success" time="0.571" /><testcase classname="tests.test_auth_jwt.TestTokenRefresh" name="test_refresh_with_invalid_token" time="0.131" /><testcase classname="tests.test_auth_jwt.TestLogout" name="test_logout_success" time="0.498" /></testsuite></testsuites>