<?xml version="1.0" encoding="utf-8"?><testsuites name="pytest tests"><testsuite name="pytest" errors="0" failures="0" skipped="0" tests="20" time="7.213" timestamp="2026-02-24T14:44:26.278826+00:00" hostname="agent-env-017d83ef-33e7-410d-aa70-0d5b198fd795"><testcase classname="tests.test_migration_v20.TestHealthAndBasicEndpoints" name="test_health_endpoint" time="0.264" /><testcase classname="tests.test_migration_v20.TestHealthAndBasicEndpoints" name="test_sessions_endpoint" time="0.142" /><testcase classname="tests.test_migration_v20.TestHealthAndBasicEndpoints" name="test_sessions_stats_endpoint" time="0.182" /><testcase classname="tests.test_migration_v20.TestHealthAndBasicEndpoints" name="test_cv_active_endpoint" time="0.147" /><testcase classname="tests.test_migration_v20.TestChronologicalServiceImport" name="test_cv_chronological_profile" time="0.131" /><testcase classname="tests.test_migration_v20.TestChronologicalServiceImport" name="test_cv_missing_dates" time="0.164" /><testcase classname="tests.test_migration_v20.TestChronologicalServiceImport" name="test_chronology_sorting_via_profile_endpoint" time="0.134" /><testcase classname="tests.test_migration_v20.TestDetectionServiceImport" name="test_detect_request_via_server_startup" time="0.132" /><testcase classname="tests.test_migration_v20.TestDetectionServiceImport" name="test_detection_functions_available" time="0.137" /><testcase classname="tests.test_migration_v20.TestLLMServiceImport" name="test_llm_headers_via_cv_upload" time="0.131" /><testcase classname="tests.test_migration_v20.TestLLMServiceImport" name="test_llm_headers_validation_with_invalid_provider" time="0.138" /><testcase classname="tests.test_migration_v20.TestLLMServiceImport" name="test_supported_providers" time="1.467" /><testcase classname="tests.test_migration_v20.TestUtilsImport" name="test_normalize_provider" time="1.045" /><testcase classname="tests.test_migration_v20.TestUtilsImport" name="test_serialize_mongo_doc" time="0.173" /><testcase classname="tests.test_migration_v20.TestConfigImport" name="test_supported_providers_from_config" time="2.039" /><testcase classname="tests.test_migration_v20.TestIngestionEndpoints" name="test_ingestion_status" time="0.117" /><testcase classname="tests.test_migration_v20.TestIngestionEndpoints" name="test_ingestion_search" time="0.138" /><testcase classname="tests.test_migration_v20.TestSessionCRUD" name="test_create_session" time="0.133" /><testcase classname="tests.test_migration_v20.TestSessionCRUD" name="test_get_session" time="0.124" /><testcase classname="tests.test_migration_v20.TestGoogleGenaiSDK" name="test_server_startup_no_deprecation_warning" time="0.188" /></testsuite></testsuites>