<?xml version="1.0" encoding="utf-8"?><testsuites name="pytest tests"><testsuite name="pytest" errors="0" failures="1" skipped="0" tests="15" time="2.502" timestamp="2026-02-27T11:00:45.825816+00:00" hostname="agent-env-a5b0f044-c850-4733-9680-3310c4355e90"><testcase classname="backend.tests.test_stabilization_v22.TestHealthAndBasics" name="test_health_endpoint" time="0.173" /><testcase classname="backend.tests.test_stabilization_v22.TestHealthAndBasics" name="test_settings_endpoint" time="0.105" /><testcase classname="backend.tests.test_stabilization_v22.TestDashboardCounters" name="test_stats_endpoint_returns_correct_structure" time="0.106" /><testcase classname="backend.tests.test_stabilization_v22.TestDashboardCounters" name="test_stats_matches_sessions_count" time="0.213" /><testcase classname="backend.tests.test_stabilization_v22.TestDashboardCounters" name="test_stats_total_questions_calculation" time="0.234" /><testcase classname="backend.tests.test_stabilization_v22.TestSessionsCRUD" name="test_create_session" time="0.223" /><testcase classname="backend.tests.test_stabilization_v22.TestSessionsCRUD" name="test_session_stats_fields" time="0.270" /><testcase classname="backend.tests.test_stabilization_v22.TestCVEndpoints" name="test_get_active_cv" time="0.118" /><testcase classname="backend.tests.test_stabilization_v22.TestCVEndpoints" name="test_chronological_profile_endpoint" time="0.130" /><testcase classname="backend.tests.test_stabilization_v22.TestAuthEndpoints" name="test_login_endpoint_exists" time="0.346" /><testcase classname="backend.tests.test_stabilization_v22.TestAuthEndpoints" name="test_user_profile_endpoint_exists" time="0.102" /><testcase classname="backend.tests.test_stabilization_v22.TestAuthEndpoints" name="test_logout_endpoint_exists" time="0.173" /><testcase classname="backend.tests.test_stabilization_v22.TestWebSocketPrerequisites" name="test_process_audio_endpoint_exists" time="0.110"><failure message="AssertionError: Audio process endpoint not found&#10;assert 404 != 404&#10; +  where 404 = &lt;Response [404]&gt;.status_code">backend/tests/test_stabilization_v22.py:211: in test_process_audio_endpoint_exists
    assert response.status_code != 404, "Audio process endpoint not found"
E   AssertionError: Audio process endpoint not found
E   assert 404 != 404
E    +  where 404 = &lt;Response [404]&gt;.status_code</failure></testcase><testcase classname="backend.tests.test_stabilization_v22.TestWebSocketPrerequisites" name="test_websocket_url_construction" time="0.000" /><testcase classname="backend.tests.test_stabilization_v22.TestIngestionStatus" name="test_ingestion_status_endpoint" time="0.114" /></testsuite></testsuites>