<?xml version="1.0" encoding="utf-8"?><testsuites name="pytest tests"><testsuite name="pytest" errors="0" failures="1" skipped="0" tests="33" time="2.541" timestamp="2026-02-24T14:14:08.518705+00:00" hostname="agent-env-017d83ef-33e7-410d-aa70-0d5b198fd795"><testcase classname="tests.test_refactoring_v19.TestHealthAndBasicEndpoints" name="test_health_endpoint" time="0.168" /><testcase classname="tests.test_refactoring_v19.TestHealthAndBasicEndpoints" name="test_sessions_endpoint" time="0.182" /><testcase classname="tests.test_refactoring_v19.TestHealthAndBasicEndpoints" name="test_cv_active_endpoint" time="0.186" /><testcase classname="tests.test_refactoring_v19.TestHealthAndBasicEndpoints" name="test_sessions_stats_endpoint" time="0.129" /><testcase classname="tests.test_refactoring_v19.TestCVChronologyEndpoints" name="test_chronological_profile_endpoint" time="0.151" /><testcase classname="tests.test_refactoring_v19.TestCVChronologyEndpoints" name="test_missing_dates_endpoint" time="0.154" /><testcase classname="tests.test_refactoring_v19.TestDetectionService" name="test_detection_service_import" time="1.036" /><testcase classname="tests.test_refactoring_v19.TestDetectionService" name="test_detect_request_question_french" time="0.000" /><testcase classname="tests.test_refactoring_v19.TestDetectionService" name="test_detect_request_greeting" time="0.000" /><testcase classname="tests.test_refactoring_v19.TestDetectionService" name="test_detect_request_english_question" time="0.000" /><testcase classname="tests.test_refactoring_v19.TestDetectionService" name="test_detect_request_imperative" time="0.000" /><testcase classname="tests.test_refactoring_v19.TestDetectionService" name="test_confidence_calculation" time="0.000" /><testcase classname="tests.test_refactoring_v19.TestChronologyService" name="test_chronology_service_import" time="0.000" /><testcase classname="tests.test_refactoring_v19.TestChronologyService" name="test_sort_experiences_most_recent_first" time="0.001" /><testcase classname="tests.test_refactoring_v19.TestChronologyService" name="test_parse_date_french_month" time="0.000" /><testcase classname="tests.test_refactoring_v19.TestChronologyService" name="test_parse_date_current_indicator" time="0.000" /><testcase classname="tests.test_refactoring_v19.TestChronologyService" name="test_experience_freshness" time="0.000" /><testcase classname="tests.test_refactoring_v19.TestLLMServiceHeaders" name="test_llm_headers_model_import" time="0.000" /><testcase classname="tests.test_refactoring_v19.TestLLMServiceHeaders" name="test_supported_providers_in_config" time="0.000" /><testcase classname="tests.test_refactoring_v19.TestLLMServiceHeaders" name="test_deepseek_base_url_in_config" time="0.000" /><testcase classname="tests.test_refactoring_v19.TestUtilsHelpers" name="test_helpers_import" time="0.001" /><testcase classname="tests.test_refactoring_v19.TestUtilsHelpers" name="test_serialize_mongo_doc" time="0.005" /><testcase classname="tests.test_refactoring_v19.TestUtilsHelpers" name="test_safe_json_loads" time="0.000" /><testcase classname="tests.test_refactoring_v19.TestUtilsHelpers" name="test_normalize_provider" time="0.000" /><testcase classname="tests.test_refactoring_v19.TestConfigModule" name="test_database_config" time="0.000" /><testcase classname="tests.test_refactoring_v19.TestConfigModule" name="test_audio_config" time="0.000" /><testcase classname="tests.test_refactoring_v19.TestConfigModule" name="test_llm_limits" time="0.000" /><testcase classname="tests.test_refactoring_v19.TestConfigModule" name="test_date_patterns_config" time="0.000" /><testcase classname="tests.test_refactoring_v19.TestModelsModule" name="test_all_models_importable" time="0.000" /><testcase classname="tests.test_refactoring_v19.TestModelsModule" name="test_chronology_request_model" time="0.000" /><testcase classname="tests.test_refactoring_v19.TestServerStillFunctional" name="test_openapi_schema" time="0.102"><failure message="assert ('swagger' in '&lt;!doctype html&gt;\n&lt;html lang=&quot;en&quot;&gt;\n  &lt;head&gt;\n    &lt;script type=&quot;module&quot;&gt;import { injectintoglobalhook } from &quot;/@react-refresh&quot;;\ninjectintoglobalhook(window);\nwindow.$refreshreg$ = () =&gt; {};\nwindow.$refreshsig$ = () =&gt; (type) =&gt; type;&lt;/script&gt;\n\n    &lt;script type=&quot;module&quot; src=&quot;/@vite/client&quot;&gt;&lt;/script&gt;\n\n    &lt;meta charset=&quot;utf-8&quot; /&gt;\n    &lt;meta name=&quot;viewport&quot; content=&quot;width=device-width, initial-scale=1&quot; /&gt;\n    &lt;meta name=&quot;theme-color&quot; content=&quot;#000000&quot; /&gt;\n    &lt;meta name=&quot;description&quot; content=&quot;a product of emergent.sh&quot; /&gt;\n    &lt;link rel=&quot;preconnect&quot; href=&quot;https://fonts.googleapis.com&quot; /&gt;\n    &lt;link rel=&quot;preconnect&quot; href=&quot;https://fonts.gstatic.com&quot; crossorigin /&gt;\n    &lt;link href=&quot;https://fonts.googleapis.com/css2?family=inter:wght@600&amp;display=swap&quot; rel=&quot;stylesheet&quot; /&gt;\n    &lt;title&gt;emergent | fullstack app&lt;/title&gt;\n    &lt;script src=&quot;https://assets.emergent.sh/scripts/emergent-main.js&quot;&gt;&lt;/script&gt;\n    &lt;script&gt;\n      // only load visual edit scripts when inside an iframe\n      if (window.self !== window.top) {\n        // load debug monitor script\n        var debugmonitorscript = document.createelement(\'script\');\n        debugmonitorscript.src = \'https://assets.emergent.sh/sc...orflags resetpersonpropertiesforflags setgrouppropertiesforflags resetgrouppropertiesforflags reset get_distinct_id getgroups get_session_id get_session_replay_url alias set_config startsessionrecording stopsessionrecording sessionrecordingstarted captureexception loadtoolbar get_property getsessionproperty es $s createpersonprofile is opt_in_capturing opt_out_capturing has_opted_in_capturing has_opted_out_capturing clear_opt_in_out_capturing ss debug xs getpageviewid capturetracefeedback capturetracemetric\'.split(\n                  \' \'\n                ),\n                n = 0;\n              n &lt; o.length;\n              n++\n            )\n              g(u, o[n]);\n            e._i.push([i, s, a]);\n          }),\n          (e.__sv = 1));\n      })(document, window.posthog || []);\n      posthog.init(\'phc_xavl2iq4tfmanre7kzbkwasqp1hjjn7x48s3vr0cmjs\', {\n        api_host: \'https://us.i.posthog.com\',\n        person_profiles: \'identified_only\',\n        session_recording: {\n          recordcrossoriginiframes: true,\n          captureperformance: false\n        }\n      });\n    &lt;/script&gt;\n\n    &lt;script type=&quot;module&quot; src=&quot;/src/main.jsx&quot;&gt;&lt;/script&gt;\n  &lt;/body&gt;\n&lt;/html&gt;\n' or 'redoc' in '&lt;!doctype html&gt;\n&lt;html lang=&quot;en&quot;&gt;\n  &lt;head&gt;\n    &lt;script type=&quot;module&quot;&gt;import { injectintoglobalhook } from &quot;/@react-refresh&quot;;\ninjectintoglobalhook(window);\nwindow.$refreshreg$ = () =&gt; {};\nwindow.$refreshsig$ = () =&gt; (type) =&gt; type;&lt;/script&gt;\n\n    &lt;script type=&quot;module&quot; src=&quot;/@vite/client&quot;&gt;&lt;/script&gt;\n\n    &lt;meta charset=&quot;utf-8&quot; /&gt;\n    &lt;meta name=&quot;viewport&quot; content=&quot;width=device-width, initial-scale=1&quot; /&gt;\n    &lt;meta name=&quot;theme-color&quot; content=&quot;#000000&quot; /&gt;\n    &lt;meta name=&quot;description&quot; content=&quot;a product of emergent.sh&quot; /&gt;\n    &lt;link rel=&quot;preconnect&quot; href=&quot;https://fonts.googleapis.com&quot; /&gt;\n    &lt;link rel=&quot;preconnect&quot; href=&quot;https://fonts.gstatic.com&quot; crossorigin /&gt;\n    &lt;link href=&quot;https://fonts.googleapis.com/css2?family=inter:wght@600&amp;display=swap&quot; rel=&quot;stylesheet&quot; /&gt;\n    &lt;title&gt;emergent | fullstack app&lt;/title&gt;\n    &lt;script src=&quot;https://assets.emergent.sh/scripts/emergent-main.js&quot;&gt;&lt;/script&gt;\n    &lt;script&gt;\n      // only load visual edit scripts when inside an iframe\n      if (window.self !== window.top) {\n        // load debug monitor script\n        var debugmonitorscript = document.createelement(\'script\');\n        debugmonitorscript.src = \'https://assets.emergent.sh/sc...orflags resetpersonpropertiesforflags setgrouppropertiesforflags resetgrouppropertiesforflags reset get_distinct_id getgroups get_session_id get_session_replay_url alias set_config startsessionrecording stopsessionrecording sessionrecordingstarted captureexception loadtoolbar get_property getsessionproperty es $s createpersonprofile is opt_in_capturing opt_out_capturing has_opted_in_capturing has_opted_out_capturing clear_opt_in_out_capturing ss debug xs getpageviewid capturetracefeedback capturetracemetric\'.split(\n                  \' \'\n                ),\n                n = 0;\n              n &lt; o.length;\n              n++\n            )\n              g(u, o[n]);\n            e._i.push([i, s, a]);\n          }),\n          (e.__sv = 1));\n      })(document, window.posthog || []);\n      posthog.init(\'phc_xavl2iq4tfmanre7kzbkwasqp1hjjn7x48s3vr0cmjs\', {\n        api_host: \'https://us.i.posthog.com\',\n        person_profiles: \'identified_only\',\n        session_recording: {\n          recordcrossoriginiframes: true,\n          captureperformance: false\n        }\n      });\n    &lt;/script&gt;\n\n    &lt;script type=&quot;module&quot; src=&quot;/src/main.jsx&quot;&gt;&lt;/script&gt;\n  &lt;/body&gt;\n&lt;/html&gt;\n' or 'fastapi' in '&lt;!doctype html&gt;\n&lt;html lang=&quot;en&quot;&gt;\n  &lt;head&gt;\n    &lt;script type=&quot;module&quot;&gt;import { injectintoglobalhook } from &quot;/@react-refresh&quot;;\ninjectintoglobalhook(window);\nwindow.$refreshreg$ = () =&gt; {};\nwindow.$refreshsig$ = () =&gt; (type) =&gt; type;&lt;/script&gt;\n\n    &lt;script type=&quot;module&quot; src=&quot;/@vite/client&quot;&gt;&lt;/script&gt;\n\n    &lt;meta charset=&quot;utf-8&quot; /&gt;\n    &lt;meta name=&quot;viewport&quot; content=&quot;width=device-width, initial-scale=1&quot; /&gt;\n    &lt;meta name=&quot;theme-color&quot; content=&quot;#000000&quot; /&gt;\n    &lt;meta name=&quot;description&quot; content=&quot;a product of emergent.sh&quot; /&gt;\n    &lt;link rel=&quot;preconnect&quot; href=&quot;https://fonts.googleapis.com&quot; /&gt;\n    &lt;link rel=&quot;preconnect&quot; href=&quot;https://fonts.gstatic.com&quot; crossorigin /&gt;\n    &lt;link href=&quot;https://fonts.googleapis.com/css2?family=inter:wght@600&amp;display=swap&quot; rel=&quot;stylesheet&quot; /&gt;\n    &lt;title&gt;emergent | fullstack app&lt;/title&gt;\n    &lt;script src=&quot;https://assets.emergent.sh/scripts/emergent-main.js&quot;&gt;&lt;/script&gt;\n    &lt;script&gt;\n      // only load visual edit scripts when inside an iframe\n      if (window.self !== window.top) {\n        // load debug monitor script\n        var debugmonitorscript = document.createelement(\'script\');\n        debugmonitorscript.src = \'https://assets.emergent.sh/sc...orflags resetpersonpropertiesforflags setgrouppropertiesforflags resetgrouppropertiesforflags reset get_distinct_id getgroups get_session_id get_session_replay_url alias set_config startsessionrecording stopsessionrecording sessionrecordingstarted captureexception loadtoolbar get_property getsessionproperty es $s createpersonprofile is opt_in_capturing opt_out_capturing has_opted_in_capturing has_opted_out_capturing clear_opt_in_out_capturing ss debug xs getpageviewid capturetracefeedback capturetracemetric\'.split(\n                  \' \'\n                ),\n                n = 0;\n              n &lt; o.length;\n              n++\n            )\n              g(u, o[n]);\n            e._i.push([i, s, a]);\n          }),\n          (e.__sv = 1));\n      })(document, window.posthog || []);\n      posthog.init(\'phc_xavl2iq4tfmanre7kzbkwasqp1hjjn7x48s3vr0cmjs\', {\n        api_host: \'https://us.i.posthog.com\',\n        person_profiles: \'identified_only\',\n        session_recording: {\n          recordcrossoriginiframes: true,\n          captureperformance: false\n        }\n      });\n    &lt;/script&gt;\n\n    &lt;script type=&quot;module&quot; src=&quot;/src/main.jsx&quot;&gt;&lt;/script&gt;\n  &lt;/body&gt;\n&lt;/html&gt;\n')&#10; +  where '&lt;!doctype html&gt;\n&lt;html lang=&quot;en&quot;&gt;\n  &lt;head&gt;\n    &lt;script type=&quot;module&quot;&gt;import { injectintoglobalhook } from &quot;/@react-refresh&quot;;\ninjectintoglobalhook(window);\nwindow.$refreshreg$ = () =&gt; {};\nwindow.$refreshsig$ = () =&gt; (type) =&gt; type;&lt;/script&gt;\n\n    &lt;script type=&quot;module&quot; src=&quot;/@vite/client&quot;&gt;&lt;/script&gt;\n\n    &lt;meta charset=&quot;utf-8&quot; /&gt;\n    &lt;meta name=&quot;viewport&quot; content=&quot;width=device-width, initial-scale=1&quot; /&gt;\n    &lt;meta name=&quot;theme-color&quot; content=&quot;#000000&quot; /&gt;\n    &lt;meta name=&quot;description&quot; content=&quot;a product of emergent.sh&quot; /&gt;\n    &lt;link rel=&quot;preconnect&quot; href=&quot;https://fonts.googleapis.com&quot; /&gt;\n    &lt;link rel=&quot;preconnect&quot; href=&quot;https://fonts.gstatic.com&quot; crossorigin /&gt;\n    &lt;link href=&quot;https://fonts.googleapis.com/css2?family=inter:wght@600&amp;display=swap&quot; rel=&quot;stylesheet&quot; /&gt;\n    &lt;title&gt;emergent | fullstack app&lt;/title&gt;\n    &lt;script src=&quot;https://assets.emergent.sh/scripts/emergent-main.js&quot;&gt;&lt;/script&gt;\n    &lt;script&gt;\n      // only load visual edit scripts when inside an iframe\n      if (window.self !== window.top) {\n        // load debug monitor script\n        var debugmonitorscript = document.createelement(\'script\');\n        debugmonitorscript.src = \'https://assets.emergent.sh/sc...orflags resetpersonpropertiesforflags setgrouppropertiesforflags resetgrouppropertiesforflags reset get_distinct_id getgroups get_session_id get_session_replay_url alias set_config startsessionrecording stopsessionrecording sessionrecordingstarted captureexception loadtoolbar get_property getsessionproperty es $s createpersonprofile is opt_in_capturing opt_out_capturing has_opted_in_capturing has_opted_out_capturing clear_opt_in_out_capturing ss debug xs getpageviewid capturetracefeedback capturetracemetric\'.split(\n                  \' \'\n                ),\n                n = 0;\n              n &lt; o.length;\n              n++\n            )\n              g(u, o[n]);\n            e._i.push([i, s, a]);\n          }),\n          (e.__sv = 1));\n      })(document, window.posthog || []);\n      posthog.init(\'phc_xavl2iq4tfmanre7kzbkwasqp1hjjn7x48s3vr0cmjs\', {\n        api_host: \'https://us.i.posthog.com\',\n        person_profiles: \'identified_only\',\n        session_recording: {\n          recordcrossoriginiframes: true,\n          captureperformance: false\n        }\n      });\n    &lt;/script&gt;\n\n    &lt;script type=&quot;module&quot; src=&quot;/src/main.jsx&quot;&gt;&lt;/script&gt;\n  &lt;/body&gt;\n&lt;/html&gt;\n' = &lt;built-in method lower of str object at 0xaab1e6af7240&gt;()&#10; +    where &lt;built-in method lower of str object at 0xaab1e6af7240&gt; = '&lt;!doctype html&gt;\n&lt;html lang=&quot;en&quot;&gt;\n  &lt;head&gt;\n    &lt;script type=&quot;module&quot;&gt;import { injectIntoGlobalHook } from &quot;/@react-refresh&quot;;\ninjectIntoGlobalHook(window);\nwindow.$RefreshReg$ = () =&gt; {};\nwindow.$RefreshSig$ = () =&gt; (type) =&gt; type;&lt;/script&gt;\n\n    &lt;script type=&quot;module&quot; src=&quot;/@vite/client&quot;&gt;&lt;/script&gt;\n\n    &lt;meta charset=&quot;utf-8&quot; /&gt;\n    &lt;meta name=&quot;viewport&quot; content=&quot;width=device-width, initial-scale=1&quot; /&gt;\n    &lt;meta name=&quot;theme-color&quot; content=&quot;#000000&quot; /&gt;\n    &lt;meta name=&quot;description&quot; content=&quot;A product of emergent.sh&quot; /&gt;\n    &lt;link rel=&quot;preconnect&quot; href=&quot;https://fonts.googleapis.com&quot; /&gt;\n    &lt;link rel=&quot;preconnect&quot; href=&quot;https://fonts.gstatic.com&quot; crossorigin /&gt;\n    &lt;link href=&quot;https://fonts.googleapis.com/css2?family=Inter:wght@600&amp;display=swap&quot; rel=&quot;stylesheet&quot; /&gt;\n    &lt;title&gt;Emergent | Fullstack App&lt;/title&gt;\n    &lt;script src=&quot;https://assets.emergent.sh/scripts/emergent-main.js&quot;&gt;&lt;/script&gt;\n    &lt;script&gt;\n      // Only load visual edit scripts when inside an iframe\n      if (window.self !== window.top) {\n        // Load debug monitor script\n        var debugMonitorScript = document.createElement(\'script\');\n        debugMonitorScript.src = \'https://assets.emergent.sh/sc...orFlags resetPersonPropertiesForFlags setGroupPropertiesForFlags resetGroupPropertiesForFlags reset get_distinct_id getGroups get_session_id get_session_replay_url alias set_config startSessionRecording stopSessionRecording sessionRecordingStarted captureException loadToolbar get_property getSessionProperty Es $s createPersonProfile Is opt_in_capturing opt_out_capturing has_opted_in_capturing has_opted_out_capturing clear_opt_in_out_capturing Ss debug xs getPageViewId captureTraceFeedback captureTraceMetric\'.split(\n                  \' \'\n                ),\n                n = 0;\n              n &lt; o.length;\n              n++\n            )\n              g(u, o[n]);\n            e._i.push([i, s, a]);\n          }),\n          (e.__SV = 1));\n      })(document, window.posthog || []);\n      posthog.init(\'phc_xAvL2Iq4tFmANRE7kzbKwaSqp1HJjN7x48s3vr0CMjs\', {\n        api_host: \'https://us.i.posthog.com\',\n        person_profiles: \'identified_only\',\n        session_recording: {\n          recordCrossOriginIframes: true,\n          capturePerformance: false\n        }\n      });\n    &lt;/script&gt;\n\n    &lt;script type=&quot;module&quot; src=&quot;/src/main.jsx&quot;&gt;&lt;/script&gt;\n  &lt;/body&gt;\n&lt;/html&gt;\n'.lower&#10; +      where '&lt;!doctype html&gt;\n&lt;html lang=&quot;en&quot;&gt;\n  &lt;head&gt;\n    &lt;script type=&quot;module&quot;&gt;import { injectIntoGlobalHook } from &quot;/@react-refresh&quot;;\ninjectIntoGlobalHook(window);\nwindow.$RefreshReg$ = () =&gt; {};\nwindow.$RefreshSig$ = () =&gt; (type) =&gt; type;&lt;/script&gt;\n\n    &lt;script type=&quot;module&quot; src=&quot;/@vite/client&quot;&gt;&lt;/script&gt;\n\n    &lt;meta charset=&quot;utf-8&quot; /&gt;\n    &lt;meta name=&quot;viewport&quot; content=&quot;width=device-width, initial-scale=1&quot; /&gt;\n    &lt;meta name=&quot;theme-color&quot; content=&quot;#000000&quot; /&gt;\n    &lt;meta name=&quot;description&quot; content=&quot;A product of emergent.sh&quot; /&gt;\n    &lt;link rel=&quot;preconnect&quot; href=&quot;https://fonts.googleapis.com&quot; /&gt;\n    &lt;link rel=&quot;preconnect&quot; href=&quot;https://fonts.gstatic.com&quot; crossorigin /&gt;\n    &lt;link href=&quot;https://fonts.googleapis.com/css2?family=Inter:wght@600&amp;display=swap&quot; rel=&quot;stylesheet&quot; /&gt;\n    &lt;title&gt;Emergent | Fullstack App&lt;/title&gt;\n    &lt;script src=&quot;https://assets.emergent.sh/scripts/emergent-main.js&quot;&gt;&lt;/script&gt;\n    &lt;script&gt;\n      // Only load visual edit scripts when inside an iframe\n      if (window.self !== window.top) {\n        // Load debug monitor script\n        var debugMonitorScript = document.createElement(\'script\');\n        debugMonitorScript.src = \'https://assets.emergent.sh/sc...orFlags resetPersonPropertiesForFlags setGroupPropertiesForFlags resetGroupPropertiesForFlags reset get_distinct_id getGroups get_session_id get_session_replay_url alias set_config startSessionRecording stopSessionRecording sessionRecordingStarted captureException loadToolbar get_property getSessionProperty Es $s createPersonProfile Is opt_in_capturing opt_out_capturing has_opted_in_capturing has_opted_out_capturing clear_opt_in_out_capturing Ss debug xs getPageViewId captureTraceFeedback captureTraceMetric\'.split(\n                  \' \'\n                ),\n                n = 0;\n              n &lt; o.length;\n              n++\n            )\n              g(u, o[n]);\n            e._i.push([i, s, a]);\n          }),\n          (e.__SV = 1));\n      })(document, window.posthog || []);\n      posthog.init(\'phc_xAvL2Iq4tFmANRE7kzbKwaSqp1HJjN7x48s3vr0CMjs\', {\n        api_host: \'https://us.i.posthog.com\',\n        person_profiles: \'identified_only\',\n        session_recording: {\n          recordCrossOriginIframes: true,\n          capturePerformance: false\n        }\n      });\n    &lt;/script&gt;\n\n    &lt;script type=&quot;module&quot; src=&quot;/src/main.jsx&quot;&gt;&lt;/script&gt;\n  &lt;/body&gt;\n&lt;/html&gt;\n' = &lt;Response [200]&gt;.text&#10; +  and   '&lt;!doctype html&gt;\n&lt;html lang=&quot;en&quot;&gt;\n  &lt;head&gt;\n    &lt;script type=&quot;module&quot;&gt;import { injectintoglobalhook } from &quot;/@react-refresh&quot;;\ninjectintoglobalhook(window);\nwindow.$refreshreg$ = () =&gt; {};\nwindow.$refreshsig$ = () =&gt; (type) =&gt; type;&lt;/script&gt;\n\n    &lt;script type=&quot;module&quot; src=&quot;/@vite/client&quot;&gt;&lt;/script&gt;\n\n    &lt;meta charset=&quot;utf-8&quot; /&gt;\n    &lt;meta name=&quot;viewport&quot; content=&quot;width=device-width, initial-scale=1&quot; /&gt;\n    &lt;meta name=&quot;theme-color&quot; content=&quot;#000000&quot; /&gt;\n    &lt;meta name=&quot;description&quot; content=&quot;a product of emergent.sh&quot; /&gt;\n    &lt;link rel=&quot;preconnect&quot; href=&quot;https://fonts.googleapis.com&quot; /&gt;\n    &lt;link rel=&quot;preconnect&quot; href=&quot;https://fonts.gstatic.com&quot; crossorigin /&gt;\n    &lt;link href=&quot;https://fonts.googleapis.com/css2?family=inter:wght@600&amp;display=swap&quot; rel=&quot;stylesheet&quot; /&gt;\n    &lt;title&gt;emergent | fullstack app&lt;/title&gt;\n    &lt;script src=&quot;https://assets.emergent.sh/scripts/emergent-main.js&quot;&gt;&lt;/script&gt;\n    &lt;script&gt;\n      // only load visual edit scripts when inside an iframe\n      if (window.self !== window.top) {\n        // load debug monitor script\n        var debugmonitorscript = document.createelement(\'script\');\n        debugmonitorscript.src = \'https://assets.emergent.sh/sc...orflags resetpersonpropertiesforflags setgrouppropertiesforflags resetgrouppropertiesforflags reset get_distinct_id getgroups get_session_id get_session_replay_url alias set_config startsessionrecording stopsessionrecording sessionrecordingstarted captureexception loadtoolbar get_property getsessionproperty es $s createpersonprofile is opt_in_capturing opt_out_capturing has_opted_in_capturing has_opted_out_capturing clear_opt_in_out_capturing ss debug xs getpageviewid capturetracefeedback capturetracemetric\'.split(\n                  \' \'\n                ),\n                n = 0;\n              n &lt; o.length;\n              n++\n            )\n              g(u, o[n]);\n            e._i.push([i, s, a]);\n          }),\n          (e.__sv = 1));\n      })(document, window.posthog || []);\n      posthog.init(\'phc_xavl2iq4tfmanre7kzbkwasqp1hjjn7x48s3vr0cmjs\', {\n        api_host: \'https://us.i.posthog.com\',\n        person_profiles: \'identified_only\',\n        session_recording: {\n          recordcrossoriginiframes: true,\n          captureperformance: false\n        }\n      });\n    &lt;/script&gt;\n\n    &lt;script type=&quot;module&quot; src=&quot;/src/main.jsx&quot;&gt;&lt;/script&gt;\n  &lt;/body&gt;\n&lt;/html&gt;\n' = &lt;built-in method lower of str object at 0xaab1e6aeaa90&gt;()&#10; +    where &lt;built-in method lower of str object at 0xaab1e6aeaa90&gt; = '&lt;!doctype html&gt;\n&lt;html lang=&quot;en&quot;&gt;\n  &lt;head&gt;\n    &lt;script type=&quot;module&quot;&gt;import { injectIntoGlobalHook } from &quot;/@react-refresh&quot;;\ninjectIntoGlobalHook(window);\nwindow.$RefreshReg$ = () =&gt; {};\nwindow.$RefreshSig$ = () =&gt; (type) =&gt; type;&lt;/script&gt;\n\n    &lt;script type=&quot;module&quot; src=&quot;/@vite/client&quot;&gt;&lt;/script&gt;\n\n    &lt;meta charset=&quot;utf-8&quot; /&gt;\n    &lt;meta name=&quot;viewport&quot; content=&quot;width=device-width, initial-scale=1&quot; /&gt;\n    &lt;meta name=&quot;theme-color&quot; content=&quot;#000000&quot; /&gt;\n    &lt;meta name=&quot;description&quot; content=&quot;A product of emergent.sh&quot; /&gt;\n    &lt;link rel=&quot;preconnect&quot; href=&quot;https://fonts.googleapis.com&quot; /&gt;\n    &lt;link rel=&quot;preconnect&quot; href=&quot;https://fonts.gstatic.com&quot; crossorigin /&gt;\n    &lt;link href=&quot;https://fonts.googleapis.com/css2?family=Inter:wght@600&amp;display=swap&quot; rel=&quot;stylesheet&quot; /&gt;\n    &lt;title&gt;Emergent | Fullstack App&lt;/title&gt;\n    &lt;script src=&quot;https://assets.emergent.sh/scripts/emergent-main.js&quot;&gt;&lt;/script&gt;\n    &lt;script&gt;\n      // Only load visual edit scripts when inside an iframe\n      if (window.self !== window.top) {\n        // Load debug monitor script\n        var debugMonitorScript = document.createElement(\'script\');\n        debugMonitorScript.src = \'https://assets.emergent.sh/sc...orFlags resetPersonPropertiesForFlags setGroupPropertiesForFlags resetGroupPropertiesForFlags reset get_distinct_id getGroups get_session_id get_session_replay_url alias set_config startSessionRecording stopSessionRecording sessionRecordingStarted captureException loadToolbar get_property getSessionProperty Es $s createPersonProfile Is opt_in_capturing opt_out_capturing has_opted_in_capturing has_opted_out_capturing clear_opt_in_out_capturing Ss debug xs getPageViewId captureTraceFeedback captureTraceMetric\'.split(\n                  \' \'\n                ),\n                n = 0;\n              n &lt; o.length;\n              n++\n            )\n              g(u, o[n]);\n            e._i.push([i, s, a]);\n          }),\n          (e.__SV = 1));\n      })(document, window.posthog || []);\n      posthog.init(\'phc_xAvL2Iq4tFmANRE7kzbKwaSqp1HJjN7x48s3vr0CMjs\', {\n        api_host: \'https://us.i.posthog.com\',\n        person_profiles: \'identified_only\',\n        session_recording: {\n          recordCrossOriginIframes: true,\n          capturePerformance: false\n        }\n      });\n    &lt;/script&gt;\n\n    &lt;script type=&quot;module&quot; src=&quot;/src/main.jsx&quot;&gt;&lt;/script&gt;\n  &lt;/body&gt;\n&lt;/html&gt;\n'.lower&#10; +      where '&lt;!doctype html&gt;\n&lt;html lang=&quot;en&quot;&gt;\n  &lt;head&gt;\n    &lt;script type=&quot;module&quot;&gt;import { injectIntoGlobalHook } from &quot;/@react-refresh&quot;;\ninjectIntoGlobalHook(window);\nwindow.$RefreshReg$ = () =&gt; {};\nwindow.$RefreshSig$ = () =&gt; (type) =&gt; type;&lt;/script&gt;\n\n    &lt;script type=&quot;module&quot; src=&quot;/@vite/client&quot;&gt;&lt;/script&gt;\n\n    &lt;meta charset=&quot;utf-8&quot; /&gt;\n    &lt;meta name=&quot;viewport&quot; content=&quot;width=device-width, initial-scale=1&quot; /&gt;\n    &lt;meta name=&quot;theme-color&quot; content=&quot;#000000&quot; /&gt;\n    &lt;meta name=&quot;description&quot; content=&quot;A product of emergent.sh&quot; /&gt;\n    &lt;link rel=&quot;preconnect&quot; href=&quot;https://fonts.googleapis.com&quot; /&gt;\n    &lt;link rel=&quot;preconnect&quot; href=&quot;https://fonts.gstatic.com&quot; crossorigin /&gt;\n    &lt;link href=&quot;https://fonts.googleapis.com/css2?family=Inter:wght@600&amp;display=swap&quot; rel=&quot;stylesheet&quot; /&gt;\n    &lt;title&gt;Emergent | Fullstack App&lt;/title&gt;\n    &lt;script src=&quot;https://assets.emergent.sh/scripts/emergent-main.js&quot;&gt;&lt;/script&gt;\n    &lt;script&gt;\n      // Only load visual edit scripts when inside an iframe\n      if (window.self !== window.top) {\n        // Load debug monitor script\n        var debugMonitorScript = document.createElement(\'script\');\n        debugMonitorScript.src = \'https://assets.emergent.sh/sc...orFlags resetPersonPropertiesForFlags setGroupPropertiesForFlags resetGroupPropertiesForFlags reset get_distinct_id getGroups get_session_id get_session_replay_url alias set_config startSessionRecording stopSessionRecording sessionRecordingStarted captureException loadToolbar get_property getSessionProperty Es $s createPersonProfile Is opt_in_capturing opt_out_capturing has_opted_in_capturing has_opted_out_capturing clear_opt_in_out_capturing Ss debug xs getPageViewId captureTraceFeedback captureTraceMetric\'.split(\n                  \' \'\n                ),\n                n = 0;\n              n &lt; o.length;\n              n++\n            )\n              g(u, o[n]);\n            e._i.push([i, s, a]);\n          }),\n          (e.__SV = 1));\n      })(document, window.posthog || []);\n      posthog.init(\'phc_xAvL2Iq4tFmANRE7kzbKwaSqp1HJjN7x48s3vr0CMjs\', {\n        api_host: \'https://us.i.posthog.com\',\n        person_profiles: \'identified_only\',\n        session_recording: {\n          recordCrossOriginIframes: true,\n          capturePerformance: false\n        }\n      });\n    &lt;/script&gt;\n\n    &lt;script type=&quot;module&quot; src=&quot;/src/main.jsx&quot;&gt;&lt;/script&gt;\n  &lt;/body&gt;\n&lt;/html&gt;\n' = &lt;Response [200]&gt;.text&#10; +  and   '&lt;!doctype html&gt;\n&lt;html lang=&quot;en&quot;&gt;\n  &lt;head&gt;\n    &lt;script type=&quot;module&quot;&gt;import { injectintoglobalhook } from &quot;/@react-refresh&quot;;\ninjectintoglobalhook(window);\nwindow.$refreshreg$ = () =&gt; {};\nwindow.$refreshsig$ = () =&gt; (type) =&gt; type;&lt;/script&gt;\n\n    &lt;script type=&quot;module&quot; src=&quot;/@vite/client&quot;&gt;&lt;/script&gt;\n\n    &lt;meta charset=&quot;utf-8&quot; /&gt;\n    &lt;meta name=&quot;viewport&quot; content=&quot;width=device-width, initial-scale=1&quot; /&gt;\n    &lt;meta name=&quot;theme-color&quot; content=&quot;#000000&quot; /&gt;\n    &lt;meta name=&quot;description&quot; content=&quot;a product of emergent.sh&quot; /&gt;\n    &lt;link rel=&quot;preconnect&quot; href=&quot;https://fonts.googleapis.com&quot; /&gt;\n    &lt;link rel=&quot;preconnect&quot; href=&quot;https://fonts.gstatic.com&quot; crossorigin /&gt;\n    &lt;link href=&quot;https://fonts.googleapis.com/css2?family=inter:wght@600&amp;display=swap&quot; rel=&quot;stylesheet&quot; /&gt;\n    &lt;title&gt;emergent | fullstack app&lt;/title&gt;\n    &lt;script src=&quot;https://assets.emergent.sh/scripts/emergent-main.js&quot;&gt;&lt;/script&gt;\n    &lt;script&gt;\n      // only load visual edit scripts when inside an iframe\n      if (window.self !== window.top) {\n        // load debug monitor script\n        var debugmonitorscript = document.createelement(\'script\');\n        debugmonitorscript.src = \'https://assets.emergent.sh/sc...orflags resetpersonpropertiesforflags setgrouppropertiesforflags resetgrouppropertiesforflags reset get_distinct_id getgroups get_session_id get_session_replay_url alias set_config startsessionrecording stopsessionrecording sessionrecordingstarted captureexception loadtoolbar get_property getsessionproperty es $s createpersonprofile is opt_in_capturing opt_out_capturing has_opted_in_capturing has_opted_out_capturing clear_opt_in_out_capturing ss debug xs getpageviewid capturetracefeedback capturetracemetric\'.split(\n                  \' \'\n                ),\n                n = 0;\n              n &lt; o.length;\n              n++\n            )\n              g(u, o[n]);\n            e._i.push([i, s, a]);\n          }),\n          (e.__sv = 1));\n      })(document, window.posthog || []);\n      posthog.init(\'phc_xavl2iq4tfmanre7kzbkwasqp1hjjn7x48s3vr0cmjs\', {\n        api_host: \'https://us.i.posthog.com\',\n        person_profiles: \'identified_only\',\n        session_recording: {\n          recordcrossoriginiframes: true,\n          captureperformance: false\n        }\n      });\n    &lt;/script&gt;\n\n    &lt;script type=&quot;module&quot; src=&quot;/src/main.jsx&quot;&gt;&lt;/script&gt;\n  &lt;/body&gt;\n&lt;/html&gt;\n' = &lt;built-in method lower of str object at 0xaab1e6affa60&gt;()&#10; +    where &lt;built-in method lower of str object at 0xaab1e6affa60&gt; = '&lt;!doctype html&gt;\n&lt;html lang=&quot;en&quot;&gt;\n  &lt;head&gt;\n    &lt;script type=&quot;module&quot;&gt;import { injectIntoGlobalHook } from &quot;/@react-refresh&quot;;\ninjectIntoGlobalHook(window);\nwindow.$RefreshReg$ = () =&gt; {};\nwindow.$RefreshSig$ = () =&gt; (type) =&gt; type;&lt;/script&gt;\n\n    &lt;script type=&quot;module&quot; src=&quot;/@vite/client&quot;&gt;&lt;/script&gt;\n\n    &lt;meta charset=&quot;utf-8&quot; /&gt;\n    &lt;meta name=&quot;viewport&quot; content=&quot;width=device-width, initial-scale=1&quot; /&gt;\n    &lt;meta name=&quot;theme-color&quot; content=&quot;#000000&quot; /&gt;\n    &lt;meta name=&quot;description&quot; content=&quot;A product of emergent.sh&quot; /&gt;\n    &lt;link rel=&quot;preconnect&quot; href=&quot;https://fonts.googleapis.com&quot; /&gt;\n    &lt;link rel=&quot;preconnect&quot; href=&quot;https://fonts.gstatic.com&quot; crossorigin /&gt;\n    &lt;link href=&quot;https://fonts.googleapis.com/css2?family=Inter:wght@600&amp;display=swap&quot; rel=&quot;stylesheet&quot; /&gt;\n    &lt;title&gt;Emergent | Fullstack App&lt;/title&gt;\n    &lt;script src=&quot;https://assets.emergent.sh/scripts/emergent-main.js&quot;&gt;&lt;/script&gt;\n    &lt;script&gt;\n      // Only load visual edit scripts when inside an iframe\n      if (window.self !== window.top) {\n        // Load debug monitor script\n        var debugMonitorScript = document.createElement(\'script\');\n        debugMonitorScript.src = \'https://assets.emergent.sh/sc...orFlags resetPersonPropertiesForFlags setGroupPropertiesForFlags resetGroupPropertiesForFlags reset get_distinct_id getGroups get_session_id get_session_replay_url alias set_config startSessionRecording stopSessionRecording sessionRecordingStarted captureException loadToolbar get_property getSessionProperty Es $s createPersonProfile Is opt_in_capturing opt_out_capturing has_opted_in_capturing has_opted_out_capturing clear_opt_in_out_capturing Ss debug xs getPageViewId captureTraceFeedback captureTraceMetric\'.split(\n                  \' \'\n                ),\n                n = 0;\n              n &lt; o.length;\n              n++\n            )\n              g(u, o[n]);\n            e._i.push([i, s, a]);\n          }),\n          (e.__SV = 1));\n      })(document, window.posthog || []);\n      posthog.init(\'phc_xAvL2Iq4tFmANRE7kzbKwaSqp1HJjN7x48s3vr0CMjs\', {\n        api_host: \'https://us.i.posthog.com\',\n        person_profiles: \'identified_only\',\n        session_recording: {\n          recordCrossOriginIframes: true,\n          capturePerformance: false\n        }\n      });\n    &lt;/script&gt;\n\n    &lt;script type=&quot;module&quot; src=&quot;/src/main.jsx&quot;&gt;&lt;/script&gt;\n  &lt;/body&gt;\n&lt;/html&gt;\n'.lower&#10; +      where '&lt;!doctype html&gt;\n&lt;html lang=&quot;en&quot;&gt;\n  &lt;head&gt;\n    &lt;script type=&quot;module&quot;&gt;import { injectIntoGlobalHook } from &quot;/@react-refresh&quot;;\ninjectIntoGlobalHook(window);\nwindow.$RefreshReg$ = () =&gt; {};\nwindow.$RefreshSig$ = () =&gt; (type) =&gt; type;&lt;/script&gt;\n\n    &lt;script type=&quot;module&quot; src=&quot;/@vite/client&quot;&gt;&lt;/script&gt;\n\n    &lt;meta charset=&quot;utf-8&quot; /&gt;\n    &lt;meta name=&quot;viewport&quot; content=&quot;width=device-width, initial-scale=1&quot; /&gt;\n    &lt;meta name=&quot;theme-color&quot; content=&quot;#000000&quot; /&gt;\n    &lt;meta name=&quot;description&quot; content=&quot;A product of emergent.sh&quot; /&gt;\n    &lt;link rel=&quot;preconnect&quot; href=&quot;https://fonts.googleapis.com&quot; /&gt;\n    &lt;link rel=&quot;preconnect&quot; href=&quot;https://fonts.gstatic.com&quot; crossorigin /&gt;\n    &lt;link href=&quot;https://fonts.googleapis.com/css2?family=Inter:wght@600&amp;display=swap&quot; rel=&quot;stylesheet&quot; /&gt;\n    &lt;title&gt;Emergent | Fullstack App&lt;/title&gt;\n    &lt;script src=&quot;https://assets.emergent.sh/scripts/emergent-main.js&quot;&gt;&lt;/script&gt;\n    &lt;script&gt;\n      // Only load visual edit scripts when inside an iframe\n      if (window.self !== window.top) {\n        // Load debug monitor script\n        var debugMonitorScript = document.createElement(\'script\');\n        debugMonitorScript.src = \'https://assets.emergent.sh/sc...orFlags resetPersonPropertiesForFlags setGroupPropertiesForFlags resetGroupPropertiesForFlags reset get_distinct_id getGroups get_session_id get_session_replay_url alias set_config startSessionRecording stopSessionRecording sessionRecordingStarted captureException loadToolbar get_property getSessionProperty Es $s createPersonProfile Is opt_in_capturing opt_out_capturing has_opted_in_capturing has_opted_out_capturing clear_opt_in_out_capturing Ss debug xs getPageViewId captureTraceFeedback captureTraceMetric\'.split(\n                  \' \'\n                ),\n                n = 0;\n              n &lt; o.length;\n              n++\n            )\n              g(u, o[n]);\n            e._i.push([i, s, a]);\n          }),\n          (e.__SV = 1));\n      })(document, window.posthog || []);\n      posthog.init(\'phc_xAvL2Iq4tFmANRE7kzbKwaSqp1HJjN7x48s3vr0CMjs\', {\n        api_host: \'https://us.i.posthog.com\',\n        person_profiles: \'identified_only\',\n        session_recording: {\n          recordCrossOriginIframes: true,\n          capturePerformance: false\n        }\n      });\n    &lt;/script&gt;\n\n    &lt;script type=&quot;module&quot; src=&quot;/src/main.jsx&quot;&gt;&lt;/script&gt;\n  &lt;/body&gt;\n&lt;/html&gt;\n' = &lt;Response [200]&gt;.text">tests/test_refactoring_v19.py:369: in test_openapi_schema
    assert "swagger" in response.text.lower() or "redoc" in response.text.lower() or "fastapi" in response.text.lower()
E   assert ('swagger' in '&lt;!doctype html&gt;\n&lt;html lang="en"&gt;\n  &lt;head&gt;\n    &lt;script type="module"&gt;import { injectintoglobalhook } from "/@react-refresh";\ninjectintoglobalhook(window);\nwindow.$refreshreg$ = () =&gt; {};\nwindow.$refreshsig$ = () =&gt; (type) =&gt; type;&lt;/script&gt;\n\n    &lt;script type="module" src="/@vite/client"&gt;&lt;/script&gt;\n\n    &lt;meta charset="utf-8" /&gt;\n    &lt;meta name="viewport" content="width=device-width, initial-scale=1" /&gt;\n    &lt;meta name="theme-color" content="#000000" /&gt;\n    &lt;meta name="description" content="a product of emergent.sh" /&gt;\n    &lt;link rel="preconnect" href="https://fonts.googleapis.com" /&gt;\n    &lt;link rel="preconnect" href="https://fonts.gstatic.com" crossorigin /&gt;\n    &lt;link href="https://fonts.googleapis.com/css2?family=inter:wght@600&amp;display=swap" rel="stylesheet" /&gt;\n    &lt;title&gt;emergent | fullstack app&lt;/title&gt;\n    &lt;script src="https://assets.emergent.sh/scripts/emergent-main.js"&gt;&lt;/script&gt;\n    &lt;script&gt;\n      // only load visual edit scripts when inside an iframe\n      if (window.self !== window.top) {\n        // load debug monitor script\n        var debugmonitorscript = document.createelement(\'script\');\n        debugmonitorscript.src = \'https://assets.emergent.sh/sc...orflags resetpersonpropertiesforflags setgrouppropertiesforflags resetgrouppropertiesforflags reset get_distinct_id getgroups get_session_id get_session_replay_url alias set_config startsessionrecording stopsessionrecording sessionrecordingstarted captureexception loadtoolbar get_property getsessionproperty es $s createpersonprofile is opt_in_capturing opt_out_capturing has_opted_in_capturing has_opted_out_capturing clear_opt_in_out_capturing ss debug xs getpageviewid capturetracefeedback capturetracemetric\'.split(\n                  \' \'\n                ),\n                n = 0;\n              n &lt; o.length;\n              n++\n            )\n              g(u, o[n]);\n            e._i.push([i, s, a]);\n          }),\n          (e.__sv = 1));\n      })(document, window.posthog || []);\n      posthog.init(\'phc_xavl2iq4tfmanre7kzbkwasqp1hjjn7x48s3vr0cmjs\', {\n        api_host: \'https://us.i.posthog.com\',\n        person_profiles: \'identified_only\',\n        session_recording: {\n          recordcrossoriginiframes: true,\n          captureperformance: false\n        }\n      });\n    &lt;/script&gt;\n\n    &lt;script type="module" src="/src/main.jsx"&gt;&lt;/script&gt;\n  &lt;/body&gt;\n&lt;/html&gt;\n' or 'redoc' in '&lt;!doctype html&gt;\n&lt;html lang="en"&gt;\n  &lt;head&gt;\n    &lt;script type="module"&gt;import { injectintoglobalhook } from "/@react-refresh";\ninjectintoglobalhook(window);\nwindow.$refreshreg$ = () =&gt; {};\nwindow.$refreshsig$ = () =&gt; (type) =&gt; type;&lt;/script&gt;\n\n    &lt;script type="module" src="/@vite/client"&gt;&lt;/script&gt;\n\n    &lt;meta charset="utf-8" /&gt;\n    &lt;meta name="viewport" content="width=device-width, initial-scale=1" /&gt;\n    &lt;meta name="theme-color" content="#000000" /&gt;\n    &lt;meta name="description" content="a product of emergent.sh" /&gt;\n    &lt;link rel="preconnect" href="https://fonts.googleapis.com" /&gt;\n    &lt;link rel="preconnect" href="https://fonts.gstatic.com" crossorigin /&gt;\n    &lt;link href="https://fonts.googleapis.com/css2?family=inter:wght@600&amp;display=swap" rel="stylesheet" /&gt;\n    &lt;title&gt;emergent | fullstack app&lt;/title&gt;\n    &lt;script src="https://assets.emergent.sh/scripts/emergent-main.js"&gt;&lt;/script&gt;\n    &lt;script&gt;\n      // only load visual edit scripts when inside an iframe\n      if (window.self !== window.top) {\n        // load debug monitor script\n        var debugmonitorscript = document.createelement(\'script\');\n        debugmonitorscript.src = \'https://assets.emergent.sh/sc...orflags resetpersonpropertiesforflags setgrouppropertiesforflags resetgrouppropertiesforflags reset get_distinct_id getgroups get_session_id get_session_replay_url alias set_config startsessionrecording stopsessionrecording sessionrecordingstarted captureexception loadtoolbar get_property getsessionproperty es $s createpersonprofile is opt_in_capturing opt_out_capturing has_opted_in_capturing has_opted_out_capturing clear_opt_in_out_capturing ss debug xs getpageviewid capturetracefeedback capturetracemetric\'.split(\n                  \' \'\n                ),\n                n = 0;\n              n &lt; o.length;\n              n++\n            )\n              g(u, o[n]);\n            e._i.push([i, s, a]);\n          }),\n          (e.__sv = 1));\n      })(document, window.posthog || []);\n      posthog.init(\'phc_xavl2iq4tfmanre7kzbkwasqp1hjjn7x48s3vr0cmjs\', {\n        api_host: \'https://us.i.posthog.com\',\n        person_profiles: \'identified_only\',\n        session_recording: {\n          recordcrossoriginiframes: true,\n          captureperformance: false\n        }\n      });\n    &lt;/script&gt;\n\n    &lt;script type="module" src="/src/main.jsx"&gt;&lt;/script&gt;\n  &lt;/body&gt;\n&lt;/html&gt;\n' or 'fastapi' in '&lt;!doctype html&gt;\n&lt;html lang="en"&gt;\n  &lt;head&gt;\n    &lt;script type="module"&gt;import { injectintoglobalhook } from "/@react-refresh";\ninjectintoglobalhook(window);\nwindow.$refreshreg$ = () =&gt; {};\nwindow.$refreshsig$ = () =&gt; (type) =&gt; type;&lt;/script&gt;\n\n    &lt;script type="module" src="/@vite/client"&gt;&lt;/script&gt;\n\n    &lt;meta charset="utf-8" /&gt;\n    &lt;meta name="viewport" content="width=device-width, initial-scale=1" /&gt;\n    &lt;meta name="theme-color" content="#000000" /&gt;\n    &lt;meta name="description" content="a product of emergent.sh" /&gt;\n    &lt;link rel="preconnect" href="https://fonts.googleapis.com" /&gt;\n    &lt;link rel="preconnect" href="https://fonts.gstatic.com" crossorigin /&gt;\n    &lt;link href="https://fonts.googleapis.com/css2?family=inter:wght@600&amp;display=swap" rel="stylesheet" /&gt;\n    &lt;title&gt;emergent | fullstack app&lt;/title&gt;\n    &lt;script src="https://assets.emergent.sh/scripts/emergent-main.js"&gt;&lt;/script&gt;\n    &lt;script&gt;\n      // only load visual edit scripts when inside an iframe\n      if (window.self !== window.top) {\n        // load debug monitor script\n        var debugmonitorscript = document.createelement(\'script\');\n        debugmonitorscript.src = \'https://assets.emergent.sh/sc...orflags resetpersonpropertiesforflags setgrouppropertiesforflags resetgrouppropertiesforflags reset get_distinct_id getgroups get_session_id get_session_replay_url alias set_config startsessionrecording stopsessionrecording sessionrecordingstarted captureexception loadtoolbar get_property getsessionproperty es $s createpersonprofile is opt_in_capturing opt_out_capturing has_opted_in_capturing has_opted_out_capturing clear_opt_in_out_capturing ss debug xs getpageviewid capturetracefeedback capturetracemetric\'.split(\n                  \' \'\n                ),\n                n = 0;\n              n &lt; o.length;\n              n++\n            )\n              g(u, o[n]);\n            e._i.push([i, s, a]);\n          }),\n          (e.__sv = 1));\n      })(document, window.posthog || []);\n      posthog.init(\'phc_xavl2iq4tfmanre7kzbkwasqp1hjjn7x48s3vr0cmjs\', {\n        api_host: \'https://us.i.posthog.com\',\n        person_profiles: \'identified_only\',\n        session_recording: {\n          recordcrossoriginiframes: true,\n          captureperformance: false\n        }\n      });\n    &lt;/script&gt;\n\n    &lt;script type="module" src="/src/main.jsx"&gt;&lt;/script&gt;\n  &lt;/body&gt;\n&lt;/html&gt;\n')
E    +  where '&lt;!doctype html&gt;\n&lt;html lang="en"&gt;\n  &lt;head&gt;\n    &lt;script type="module"&gt;import { injectintoglobalhook } from "/@react-refresh";\ninjectintoglobalhook(window);\nwindow.$refreshreg$ = () =&gt; {};\nwindow.$refreshsig$ = () =&gt; (type) =&gt; type;&lt;/script&gt;\n\n    &lt;script type="module" src="/@vite/client"&gt;&lt;/script&gt;\n\n    &lt;meta charset="utf-8" /&gt;\n    &lt;meta name="viewport" content="width=device-width, initial-scale=1" /&gt;\n    &lt;meta name="theme-color" content="#000000" /&gt;\n    &lt;meta name="description" content="a product of emergent.sh" /&gt;\n    &lt;link rel="preconnect" href="https://fonts.googleapis.com" /&gt;\n    &lt;link rel="preconnect" href="https://fonts.gstatic.com" crossorigin /&gt;\n    &lt;link href="https://fonts.googleapis.com/css2?family=inter:wght@600&amp;display=swap" rel="stylesheet" /&gt;\n    &lt;title&gt;emergent | fullstack app&lt;/title&gt;\n    &lt;script src="https://assets.emergent.sh/scripts/emergent-main.js"&gt;&lt;/script&gt;\n    &lt;script&gt;\n      // only load visual edit scripts when inside an iframe\n      if (window.self !== window.top) {\n        // load debug monitor script\n        var debugmonitorscript = document.createelement(\'script\');\n        debugmonitorscript.src = \'https://assets.emergent.sh/sc...orflags resetpersonpropertiesforflags setgrouppropertiesforflags resetgrouppropertiesforflags reset get_distinct_id getgroups get_session_id get_session_replay_url alias set_config startsessionrecording stopsessionrecording sessionrecordingstarted captureexception loadtoolbar get_property getsessionproperty es $s createpersonprofile is opt_in_capturing opt_out_capturing has_opted_in_capturing has_opted_out_capturing clear_opt_in_out_capturing ss debug xs getpageviewid capturetracefeedback capturetracemetric\'.split(\n                  \' \'\n                ),\n                n = 0;\n              n &lt; o.length;\n              n++\n            )\n              g(u, o[n]);\n            e._i.push([i, s, a]);\n          }),\n          (e.__sv = 1));\n      })(document, window.posthog || []);\n      posthog.init(\'phc_xavl2iq4tfmanre7kzbkwasqp1hjjn7x48s3vr0cmjs\', {\n        api_host: \'https://us.i.posthog.com\',\n        person_profiles: \'identified_only\',\n        session_recording: {\n          recordcrossoriginiframes: true,\n          captureperformance: false\n        }\n      });\n    &lt;/script&gt;\n\n    &lt;script type="module" src="/src/main.jsx"&gt;&lt;/script&gt;\n  &lt;/body&gt;\n&lt;/html&gt;\n' = &lt;built-in method lower of str object at 0xaab1e6af7240&gt;()
E    +    where &lt;built-in method lower of str object at 0xaab1e6af7240&gt; = '&lt;!doctype html&gt;\n&lt;html lang="en"&gt;\n  &lt;head&gt;\n    &lt;script type="module"&gt;import { injectIntoGlobalHook } from "/@react-refresh";\ninjectIntoGlobalHook(window);\nwindow.$RefreshReg$ = () =&gt; {};\nwindow.$RefreshSig$ = () =&gt; (type) =&gt; type;&lt;/script&gt;\n\n    &lt;script type="module" src="/@vite/client"&gt;&lt;/script&gt;\n\n    &lt;meta charset="utf-8" /&gt;\n    &lt;meta name="viewport" content="width=device-width, initial-scale=1" /&gt;\n    &lt;meta name="theme-color" content="#000000" /&gt;\n    &lt;meta name="description" content="A product of emergent.sh" /&gt;\n    &lt;link rel="preconnect" href="https://fonts.googleapis.com" /&gt;\n    &lt;link rel="preconnect" href="https://fonts.gstatic.com" crossorigin /&gt;\n    &lt;link href="https://fonts.googleapis.com/css2?family=Inter:wght@600&amp;display=swap" rel="stylesheet" /&gt;\n    &lt;title&gt;Emergent | Fullstack App&lt;/title&gt;\n    &lt;script src="https://assets.emergent.sh/scripts/emergent-main.js"&gt;&lt;/script&gt;\n    &lt;script&gt;\n      // Only load visual edit scripts when inside an iframe\n      if (window.self !== window.top) {\n        // Load debug monitor script\n        var debugMonitorScript = document.createElement(\'script\');\n        debugMonitorScript.src = \'https://assets.emergent.sh/sc...orFlags resetPersonPropertiesForFlags setGroupPropertiesForFlags resetGroupPropertiesForFlags reset get_distinct_id getGroups get_session_id get_session_replay_url alias set_config startSessionRecording stopSessionRecording sessionRecordingStarted captureException loadToolbar get_property getSessionProperty Es $s createPersonProfile Is opt_in_capturing opt_out_capturing has_opted_in_capturing has_opted_out_capturing clear_opt_in_out_capturing Ss debug xs getPageViewId captureTraceFeedback captureTraceMetric\'.split(\n                  \' \'\n                ),\n                n = 0;\n              n &lt; o.length;\n              n++\n            )\n              g(u, o[n]);\n            e._i.push([i, s, a]);\n          }),\n          (e.__SV = 1));\n      })(document, window.posthog || []);\n      posthog.init(\'phc_xAvL2Iq4tFmANRE7kzbKwaSqp1HJjN7x48s3vr0CMjs\', {\n        api_host: \'https://us.i.posthog.com\',\n        person_profiles: \'identified_only\',\n        session_recording: {\n          recordCrossOriginIframes: true,\n          capturePerformance: false\n        }\n      });\n    &lt;/script&gt;\n\n    &lt;script type="module" src="/src/main.jsx"&gt;&lt;/script&gt;\n  &lt;/body&gt;\n&lt;/html&gt;\n'.lower
E    +      where '&lt;!doctype html&gt;\n&lt;html lang="en"&gt;\n  &lt;head&gt;\n    &lt;script type="module"&gt;import { injectIntoGlobalHook } from "/@react-refresh";\ninjectIntoGlobalHook(window);\nwindow.$RefreshReg$ = () =&gt; {};\nwindow.$RefreshSig$ = () =&gt; (type) =&gt; type;&lt;/script&gt;\n\n    &lt;script type="module" src="/@vite/client"&gt;&lt;/script&gt;\n\n    &lt;meta charset="utf-8" /&gt;\n    &lt;meta name="viewport" content="width=device-width, initial-scale=1" /&gt;\n    &lt;meta name="theme-color" content="#000000" /&gt;\n    &lt;meta name="description" content="A product of emergent.sh" /&gt;\n    &lt;link rel="preconnect" href="https://fonts.googleapis.com" /&gt;\n    &lt;link rel="preconnect" href="https://fonts.gstatic.com" crossorigin /&gt;\n    &lt;link href="https://fonts.googleapis.com/css2?family=Inter:wght@600&amp;display=swap" rel="stylesheet" /&gt;\n    &lt;title&gt;Emergent | Fullstack App&lt;/title&gt;\n    &lt;script src="https://assets.emergent.sh/scripts/emergent-main.js"&gt;&lt;/script&gt;\n    &lt;script&gt;\n      // Only load visual edit scripts when inside an iframe\n      if (window.self !== window.top) {\n        // Load debug monitor script\n        var debugMonitorScript = document.createElement(\'script\');\n        debugMonitorScript.src = \'https://assets.emergent.sh/sc...orFlags resetPersonPropertiesForFlags setGroupPropertiesForFlags resetGroupPropertiesForFlags reset get_distinct_id getGroups get_session_id get_session_replay_url alias set_config startSessionRecording stopSessionRecording sessionRecordingStarted captureException loadToolbar get_property getSessionProperty Es $s createPersonProfile Is opt_in_capturing opt_out_capturing has_opted_in_capturing has_opted_out_capturing clear_opt_in_out_capturing Ss debug xs getPageViewId captureTraceFeedback captureTraceMetric\'.split(\n                  \' \'\n                ),\n                n = 0;\n              n &lt; o.length;\n              n++\n            )\n              g(u, o[n]);\n            e._i.push([i, s, a]);\n          }),\n          (e.__SV = 1));\n      })(document, window.posthog || []);\n      posthog.init(\'phc_xAvL2Iq4tFmANRE7kzbKwaSqp1HJjN7x48s3vr0CMjs\', {\n        api_host: \'https://us.i.posthog.com\',\n        person_profiles: \'identified_only\',\n        session_recording: {\n          recordCrossOriginIframes: true,\n          capturePerformance: false\n        }\n      });\n    &lt;/script&gt;\n\n    &lt;script type="module" src="/src/main.jsx"&gt;&lt;/script&gt;\n  &lt;/body&gt;\n&lt;/html&gt;\n' = &lt;Response [200]&gt;.text
E    +  and   '&lt;!doctype html&gt;\n&lt;html lang="en"&gt;\n  &lt;head&gt;\n    &lt;script type="module"&gt;import { injectintoglobalhook } from "/@react-refresh";\ninjectintoglobalhook(window);\nwindow.$refreshreg$ = () =&gt; {};\nwindow.$refreshsig$ = () =&gt; (type) =&gt; type;&lt;/script&gt;\n\n    &lt;script type="module" src="/@vite/client"&gt;&lt;/script&gt;\n\n    &lt;meta charset="utf-8" /&gt;\n    &lt;meta name="viewport" content="width=device-width, initial-scale=1" /&gt;\n    &lt;meta name="theme-color" content="#000000" /&gt;\n    &lt;meta name="description" content="a product of emergent.sh" /&gt;\n    &lt;link rel="preconnect" href="https://fonts.googleapis.com" /&gt;\n    &lt;link rel="preconnect" href="https://fonts.gstatic.com" crossorigin /&gt;\n    &lt;link href="https://fonts.googleapis.com/css2?family=inter:wght@600&amp;display=swap" rel="stylesheet" /&gt;\n    &lt;title&gt;emergent | fullstack app&lt;/title&gt;\n    &lt;script src="https://assets.emergent.sh/scripts/emergent-main.js"&gt;&lt;/script&gt;\n    &lt;script&gt;\n      // only load visual edit scripts when inside an iframe\n      if (window.self !== window.top) {\n        // load debug monitor script\n        var debugmonitorscript = document.createelement(\'script\');\n        debugmonitorscript.src = \'https://assets.emergent.sh/sc...orflags resetpersonpropertiesforflags setgrouppropertiesforflags resetgrouppropertiesforflags reset get_distinct_id getgroups get_session_id get_session_replay_url alias set_config startsessionrecording stopsessionrecording sessionrecordingstarted captureexception loadtoolbar get_property getsessionproperty es $s createpersonprofile is opt_in_capturing opt_out_capturing has_opted_in_capturing has_opted_out_capturing clear_opt_in_out_capturing ss debug xs getpageviewid capturetracefeedback capturetracemetric\'.split(\n                  \' \'\n                ),\n                n = 0;\n              n &lt; o.length;\n              n++\n            )\n              g(u, o[n]);\n            e._i.push([i, s, a]);\n          }),\n          (e.__sv = 1));\n      })(document, window.posthog || []);\n      posthog.init(\'phc_xavl2iq4tfmanre7kzbkwasqp1hjjn7x48s3vr0cmjs\', {\n        api_host: \'https://us.i.posthog.com\',\n        person_profiles: \'identified_only\',\n        session_recording: {\n          recordcrossoriginiframes: true,\n          captureperformance: false\n        }\n      });\n    &lt;/script&gt;\n\n    &lt;script type="module" src="/src/main.jsx"&gt;&lt;/script&gt;\n  &lt;/body&gt;\n&lt;/html&gt;\n' = &lt;built-in method lower of str object at 0xaab1e6aeaa90&gt;()
E    +    where &lt;built-in method lower of str object at 0xaab1e6aeaa90&gt; = '&lt;!doctype html&gt;\n&lt;html lang="en"&gt;\n  &lt;head&gt;\n    &lt;script type="module"&gt;import { injectIntoGlobalHook } from "/@react-refresh";\ninjectIntoGlobalHook(window);\nwindow.$RefreshReg$ = () =&gt; {};\nwindow.$RefreshSig$ = () =&gt; (type) =&gt; type;&lt;/script&gt;\n\n    &lt;script type="module" src="/@vite/client"&gt;&lt;/script&gt;\n\n    &lt;meta charset="utf-8" /&gt;\n    &lt;meta name="viewport" content="width=device-width, initial-scale=1" /&gt;\n    &lt;meta name="theme-color" content="#000000" /&gt;\n    &lt;meta name="description" content="A product of emergent.sh" /&gt;\n    &lt;link rel="preconnect" href="https://fonts.googleapis.com" /&gt;\n    &lt;link rel="preconnect" href="https://fonts.gstatic.com" crossorigin /&gt;\n    &lt;link href="https://fonts.googleapis.com/css2?family=Inter:wght@600&amp;display=swap" rel="stylesheet" /&gt;\n    &lt;title&gt;Emergent | Fullstack App&lt;/title&gt;\n    &lt;script src="https://assets.emergent.sh/scripts/emergent-main.js"&gt;&lt;/script&gt;\n    &lt;script&gt;\n      // Only load visual edit scripts when inside an iframe\n      if (window.self !== window.top) {\n        // Load debug monitor script\n        var debugMonitorScript = document.createElement(\'script\');\n        debugMonitorScript.src = \'https://assets.emergent.sh/sc...orFlags resetPersonPropertiesForFlags setGroupPropertiesForFlags resetGroupPropertiesForFlags reset get_distinct_id getGroups get_session_id get_session_replay_url alias set_config startSessionRecording stopSessionRecording sessionRecordingStarted captureException loadToolbar get_property getSessionProperty Es $s createPersonProfile Is opt_in_capturing opt_out_capturing has_opted_in_capturing has_opted_out_capturing clear_opt_in_out_capturing Ss debug xs getPageViewId captureTraceFeedback captureTraceMetric\'.split(\n                  \' \'\n                ),\n                n = 0;\n              n &lt; o.length;\n              n++\n            )\n              g(u, o[n]);\n            e._i.push([i, s, a]);\n          }),\n          (e.__SV = 1));\n      })(document, window.posthog || []);\n      posthog.init(\'phc_xAvL2Iq4tFmANRE7kzbKwaSqp1HJjN7x48s3vr0CMjs\', {\n        api_host: \'https://us.i.posthog.com\',\n        person_profiles: \'identified_only\',\n        session_recording: {\n          recordCrossOriginIframes: true,\n          capturePerformance: false\n        }\n      });\n    &lt;/script&gt;\n\n    &lt;script type="module" src="/src/main.jsx"&gt;&lt;/script&gt;\n  &lt;/body&gt;\n&lt;/html&gt;\n'.lower
E    +      where '&lt;!doctype html&gt;\n&lt;html lang="en"&gt;\n  &lt;head&gt;\n    &lt;script type="module"&gt;import { injectIntoGlobalHook } from "/@react-refresh";\ninjectIntoGlobalHook(window);\nwindow.$RefreshReg$ = () =&gt; {};\nwindow.$RefreshSig$ = () =&gt; (type) =&gt; type;&lt;/script&gt;\n\n    &lt;script type="module" src="/@vite/client"&gt;&lt;/script&gt;\n\n    &lt;meta charset="utf-8" /&gt;\n    &lt;meta name="viewport" content="width=device-width, initial-scale=1" /&gt;\n    &lt;meta name="theme-color" content="#000000" /&gt;\n    &lt;meta name="description" content="A product of emergent.sh" /&gt;\n    &lt;link rel="preconnect" href="https://fonts.googleapis.com" /&gt;\n    &lt;link rel="preconnect" href="https://fonts.gstatic.com" crossorigin /&gt;\n    &lt;link href="https://fonts.googleapis.com/css2?family=Inter:wght@600&amp;display=swap" rel="stylesheet" /&gt;\n    &lt;title&gt;Emergent | Fullstack App&lt;/title&gt;\n    &lt;script src="https://assets.emergent.sh/scripts/emergent-main.js"&gt;&lt;/script&gt;\n    &lt;script&gt;\n      // Only load visual edit scripts when inside an iframe\n      if (window.self !== window.top) {\n        // Load debug monitor script\n        var debugMonitorScript = document.createElement(\'script\');\n        debugMonitorScript.src = \'https://assets.emergent.sh/sc...orFlags resetPersonPropertiesForFlags setGroupPropertiesForFlags resetGroupPropertiesForFlags reset get_distinct_id getGroups get_session_id get_session_replay_url alias set_config startSessionRecording stopSessionRecording sessionRecordingStarted captureException loadToolbar get_property getSessionProperty Es $s createPersonProfile Is opt_in_capturing opt_out_capturing has_opted_in_capturing has_opted_out_capturing clear_opt_in_out_capturing Ss debug xs getPageViewId captureTraceFeedback captureTraceMetric\'.split(\n                  \' \'\n                ),\n                n = 0;\n              n &lt; o.length;\n              n++\n            )\n              g(u, o[n]);\n            e._i.push([i, s, a]);\n          }),\n          (e.__SV = 1));\n      })(document, window.posthog || []);\n      posthog.init(\'phc_xAvL2Iq4tFmANRE7kzbKwaSqp1HJjN7x48s3vr0CMjs\', {\n        api_host: \'https://us.i.posthog.com\',\n        person_profiles: \'identified_only\',\n        session_recording: {\n          recordCrossOriginIframes: true,\n          capturePerformance: false\n        }\n      });\n    &lt;/script&gt;\n\n    &lt;script type="module" src="/src/main.jsx"&gt;&lt;/script&gt;\n  &lt;/body&gt;\n&lt;/html&gt;\n' = &lt;Response [200]&gt;.text
E    +  and   '&lt;!doctype html&gt;\n&lt;html lang="en"&gt;\n  &lt;head&gt;\n    &lt;script type="module"&gt;import { injectintoglobalhook } from "/@react-refresh";\ninjectintoglobalhook(window);\nwindow.$refreshreg$ = () =&gt; {};\nwindow.$refreshsig$ = () =&gt; (type) =&gt; type;&lt;/script&gt;\n\n    &lt;script type="module" src="/@vite/client"&gt;&lt;/script&gt;\n\n    &lt;meta charset="utf-8" /&gt;\n    &lt;meta name="viewport" content="width=device-width, initial-scale=1" /&gt;\n    &lt;meta name="theme-color" content="#000000" /&gt;\n    &lt;meta name="description" content="a product of emergent.sh" /&gt;\n    &lt;link rel="preconnect" href="https://fonts.googleapis.com" /&gt;\n    &lt;link rel="preconnect" href="https://fonts.gstatic.com" crossorigin /&gt;\n    &lt;link href="https://fonts.googleapis.com/css2?family=inter:wght@600&amp;display=swap" rel="stylesheet" /&gt;\n    &lt;title&gt;emergent | fullstack app&lt;/title&gt;\n    &lt;script src="https://assets.emergent.sh/scripts/emergent-main.js"&gt;&lt;/script&gt;\n    &lt;script&gt;\n      // only load visual edit scripts when inside an iframe\n      if (window.self !== window.top) {\n        // load debug monitor script\n        var debugmonitorscript = document.createelement(\'script\');\n        debugmonitorscript.src = \'https://assets.emergent.sh/sc...orflags resetpersonpropertiesforflags setgrouppropertiesforflags resetgrouppropertiesforflags reset get_distinct_id getgroups get_session_id get_session_replay_url alias set_config startsessionrecording stopsessionrecording sessionrecordingstarted captureexception loadtoolbar get_property getsessionproperty es $s createpersonprofile is opt_in_capturing opt_out_capturing has_opted_in_capturing has_opted_out_capturing clear_opt_in_out_capturing ss debug xs getpageviewid capturetracefeedback capturetracemetric\'.split(\n                  \' \'\n                ),\n                n = 0;\n              n &lt; o.length;\n              n++\n            )\n              g(u, o[n]);\n            e._i.push([i, s, a]);\n          }),\n          (e.__sv = 1));\n      })(document, window.posthog || []);\n      posthog.init(\'phc_xavl2iq4tfmanre7kzbkwasqp1hjjn7x48s3vr0cmjs\', {\n        api_host: \'https://us.i.posthog.com\',\n        person_profiles: \'identified_only\',\n        session_recording: {\n          recordcrossoriginiframes: true,\n          captureperformance: false\n        }\n      });\n    &lt;/script&gt;\n\n    &lt;script type="module" src="/src/main.jsx"&gt;&lt;/script&gt;\n  &lt;/body&gt;\n&lt;/html&gt;\n' = &lt;built-in method lower of str object at 0xaab1e6affa60&gt;()
E    +    where &lt;built-in method lower of str object at 0xaab1e6affa60&gt; = '&lt;!doctype html&gt;\n&lt;html lang="en"&gt;\n  &lt;head&gt;\n    &lt;script type="module"&gt;import { injectIntoGlobalHook } from "/@react-refresh";\ninjectIntoGlobalHook(window);\nwindow.$RefreshReg$ = () =&gt; {};\nwindow.$RefreshSig$ = () =&gt; (type) =&gt; type;&lt;/script&gt;\n\n    &lt;script type="module" src="/@vite/client"&gt;&lt;/script&gt;\n\n    &lt;meta charset="utf-8" /&gt;\n    &lt;meta name="viewport" content="width=device-width, initial-scale=1" /&gt;\n    &lt;meta name="theme-color" content="#000000" /&gt;\n    &lt;meta name="description" content="A product of emergent.sh" /&gt;\n    &lt;link rel="preconnect" href="https://fonts.googleapis.com" /&gt;\n    &lt;link rel="preconnect" href="https://fonts.gstatic.com" crossorigin /&gt;\n    &lt;link href="https://fonts.googleapis.com/css2?family=Inter:wght@600&amp;display=swap" rel="stylesheet" /&gt;\n    &lt;title&gt;Emergent | Fullstack App&lt;/title&gt;\n    &lt;script src="https://assets.emergent.sh/scripts/emergent-main.js"&gt;&lt;/script&gt;\n    &lt;script&gt;\n      // Only load visual edit scripts when inside an iframe\n      if (window.self !== window.top) {\n        // Load debug monitor script\n        var debugMonitorScript = document.createElement(\'script\');\n        debugMonitorScript.src = \'https://assets.emergent.sh/sc...orFlags resetPersonPropertiesForFlags setGroupPropertiesForFlags resetGroupPropertiesForFlags reset get_distinct_id getGroups get_session_id get_session_replay_url alias set_config startSessionRecording stopSessionRecording sessionRecordingStarted captureException loadToolbar get_property getSessionProperty Es $s createPersonProfile Is opt_in_capturing opt_out_capturing has_opted_in_capturing has_opted_out_capturing clear_opt_in_out_capturing Ss debug xs getPageViewId captureTraceFeedback captureTraceMetric\'.split(\n                  \' \'\n                ),\n                n = 0;\n              n &lt; o.length;\n              n++\n            )\n              g(u, o[n]);\n            e._i.push([i, s, a]);\n          }),\n          (e.__SV = 1));\n      })(document, window.posthog || []);\n      posthog.init(\'phc_xAvL2Iq4tFmANRE7kzbKwaSqp1HJjN7x48s3vr0CMjs\', {\n        api_host: \'https://us.i.posthog.com\',\n        person_profiles: \'identified_only\',\n        session_recording: {\n          recordCrossOriginIframes: true,\n          capturePerformance: false\n        }\n      });\n    &lt;/script&gt;\n\n    &lt;script type="module" src="/src/main.jsx"&gt;&lt;/script&gt;\n  &lt;/body&gt;\n&lt;/html&gt;\n'.lower
E    +      where '&lt;!doctype html&gt;\n&lt;html lang="en"&gt;\n  &lt;head&gt;\n    &lt;script type="module"&gt;import { injectIntoGlobalHook } from "/@react-refresh";\ninjectIntoGlobalHook(window);\nwindow.$RefreshReg$ = () =&gt; {};\nwindow.$RefreshSig$ = () =&gt; (type) =&gt; type;&lt;/script&gt;\n\n    &lt;script type="module" src="/@vite/client"&gt;&lt;/script&gt;\n\n    &lt;meta charset="utf-8" /&gt;\n    &lt;meta name="viewport" content="width=device-width, initial-scale=1" /&gt;\n    &lt;meta name="theme-color" content="#000000" /&gt;\n    &lt;meta name="description" content="A product of emergent.sh" /&gt;\n    &lt;link rel="preconnect" href="https://fonts.googleapis.com" /&gt;\n    &lt;link rel="preconnect" href="https://fonts.gstatic.com" crossorigin /&gt;\n    &lt;link href="https://fonts.googleapis.com/css2?family=Inter:wght@600&amp;display=swap" rel="stylesheet" /&gt;\n    &lt;title&gt;Emergent | Fullstack App&lt;/title&gt;\n    &lt;script src="https://assets.emergent.sh/scripts/emergent-main.js"&gt;&lt;/script&gt;\n    &lt;script&gt;\n      // Only load visual edit scripts when inside an iframe\n      if (window.self !== window.top) {\n        // Load debug monitor script\n        var debugMonitorScript = document.createElement(\'script\');\n        debugMonitorScript.src = \'https://assets.emergent.sh/sc...orFlags resetPersonPropertiesForFlags setGroupPropertiesForFlags resetGroupPropertiesForFlags reset get_distinct_id getGroups get_session_id get_session_replay_url alias set_config startSessionRecording stopSessionRecording sessionRecordingStarted captureException loadToolbar get_property getSessionProperty Es $s createPersonProfile Is opt_in_capturing opt_out_capturing has_opted_in_capturing has_opted_out_capturing clear_opt_in_out_capturing Ss debug xs getPageViewId captureTraceFeedback captureTraceMetric\'.split(\n                  \' \'\n                ),\n                n = 0;\n              n &lt; o.length;\n              n++\n            )\n              g(u, o[n]);\n            e._i.push([i, s, a]);\n          }),\n          (e.__SV = 1));\n      })(document, window.posthog || []);\n      posthog.init(\'phc_xAvL2Iq4tFmANRE7kzbKwaSqp1HJjN7x48s3vr0CMjs\', {\n        api_host: \'https://us.i.posthog.com\',\n        person_profiles: \'identified_only\',\n        session_recording: {\n          recordCrossOriginIframes: true,\n          capturePerformance: false\n        }\n      });\n    &lt;/script&gt;\n\n    &lt;script type="module" src="/src/main.jsx"&gt;&lt;/script&gt;\n  &lt;/body&gt;\n&lt;/html&gt;\n' = &lt;Response [200]&gt;.text</failure></testcase><testcase classname="tests.test_refactoring_v19.TestServerStillFunctional" name="test_docs_endpoint" time="0.161" /><testcase classname="tests.test_refactoring_v19.TestServerStillFunctional" name="test_create_and_delete_session" time="0.112" /></testsuite></testsuites>