<?xml version="1.0" encoding="utf-8"?><testsuites name="pytest tests"><testsuite name="pytest" errors="0" failures="1" skipped="0" tests="7" time="6.029" timestamp="2026-02-17T20:40:38.025453+00:00" hostname="agent-env-42885ae6-9624-4ba4-b00e-f00ddf3bc1f1"><testcase classname="tests.test_streaming_pipeline" name="test_detect_request_questions" time="0.000" /><testcase classname="tests.test_streaming_pipeline" name="test_decode_audio_chunk" time="0.000" /><testcase classname="tests.test_streaming_pipeline" name="test_streaming_session_buffer" time="0.014" /><testcase classname="tests.test_streaming_pipeline" name="test_whisper_model_loading" time="0.745" /><testcase classname="tests.test_streaming_pipeline" name="test_build_cv_context_rich" time="0.000" /><testcase classname="tests.test_streaming_pipeline" name="test_diarization_enabled" time="0.000" /><testcase classname="tests.test_streaming_pipeline" name="test_transcribe_mock_audio" time="0.240"><failure message="ValueError: max() arg is an empty sequence">tests/test_streaming_pipeline.py:123: in test_transcribe_mock_audio
    segments, info = model.transcribe(
/root/.venv/lib/python3.11/site-packages/faster_whisper/transcribe.py:419: in transcribe
    language = max(
E   ValueError: max() arg is an empty sequence</failure></testcase></testsuite></testsuites>